2014-09-11 22:19:06,017 INFO  [main] root: processing is start
2014-09-11 22:19:06,017 INFO  [main] root: start main method :1410454146017
2014-09-11 22:19:06,023 INFO  [main] root: start main method :1410454146023
2014-09-11 22:19:06,025 INFO  [Thread-0] root: GeoLocation class run method start :1410454146025
2014-09-11 22:19:06,025 INFO  [Thread-0] root: GeoLocation class run method start :1410454146025
2014-09-11 22:19:06,026 INFO  [Thread-1] root: most influencers start :1410454146026
2014-09-11 22:19:06,026 INFO  [Thread-1] root: most influencers start :1410454146026
2014-09-11 22:19:06,026 INFO  [Thread-1] root: most influencers start :1410454146026
2014-09-11 22:19:11,862 INFO  [Thread-0] root: user file has written completely
2014-09-11 22:19:11,862 INFO  [Thread-0] root: user file has written completely
2014-09-11 22:19:11,862 INFO  [Thread-0] root: user file has written completely
2014-09-11 22:19:11,862 INFO  [Thread-0] root: geoLocation file has written completely
2014-09-11 22:19:11,862 INFO  [Thread-0] root: geoLocation file has written completely
2014-09-11 22:19:11,862 INFO  [Thread-0] root: geoLocation file has written completely
2014-09-11 22:19:11,862 INFO  [Thread-0] root: GeoLocation class run method end :1410454151862
2014-09-11 22:19:11,862 INFO  [Thread-0] root: GeoLocation class run method end :1410454151862
2014-09-11 22:19:11,862 INFO  [Thread-0] root: GeoLocation class run method end :1410454151862
2014-09-11 22:19:17,682 WARN  [Thread-1] root: io warning 
2014-09-11 22:19:17,682 WARN  [Thread-1] root: io warning 
2014-09-11 22:19:17,682 WARN  [Thread-1] root: io warning 
2014-09-11 22:19:17,682 WARN  [Thread-1] root: io exception 
2014-09-11 22:19:17,682 WARN  [Thread-1] root: io exception 
2014-09-11 22:19:17,682 WARN  [Thread-1] root: io exception 
2014-09-11 22:19:17,683 WARN  [Thread-1] root: null pointer of klout id warning 
2014-09-11 22:19:17,683 WARN  [Thread-1] root: null pointer of klout id warning 
2014-09-11 22:19:17,683 WARN  [Thread-1] root: null pointer of klout id warning 
2014-09-11 22:19:17,683 WARN  [Thread-1] root: null pointer of klout id exception 
2014-09-11 22:19:17,683 WARN  [Thread-1] root: null pointer of klout id exception 
2014-09-11 22:19:17,683 WARN  [Thread-1] root: null pointer of klout id exception 
2014-09-11 22:19:54,695 INFO  [Thread-1] root: most influencers end :1410454194694
2014-09-11 22:19:54,695 INFO  [Thread-1] root: most influencers end :1410454194694
2014-09-11 22:19:54,695 INFO  [Thread-1] root: most influencers end :1410454194694
2014-09-11 22:19:54,695 INFO  [Thread-1] root: process completed
2014-09-11 22:19:54,695 INFO  [Thread-1] root: process completed
2014-09-11 22:19:54,695 INFO  [Thread-1] root: process completed
2014-09-11 22:21:03,657 INFO  [main] root: processing is start
2014-09-11 22:21:03,657 INFO  [main] root: start main method :1410454263657
2014-09-11 22:21:03,666 INFO  [main] root: start main method :1410454263666
2014-09-11 22:21:03,670 INFO  [Thread-0] root: GeoLocation class run method start :1410454263670
2014-09-11 22:21:03,670 INFO  [Thread-0] root: GeoLocation class run method start :1410454263670
2014-09-11 22:21:03,670 INFO  [Thread-0] root: GeoLocation class run method start :1410454263670
2014-09-11 22:21:03,670 INFO  [Thread-1] root: most influencers start :1410454263670
2014-09-11 22:21:03,670 INFO  [Thread-1] root: most influencers start :1410454263670
2014-09-11 22:21:03,670 INFO  [Thread-1] root: most influencers start :1410454263670
2014-09-11 22:21:15,637 WARN  [Thread-1] root: io warning 
2014-09-11 22:21:15,637 WARN  [Thread-1] root: io warning 
2014-09-11 22:21:15,637 WARN  [Thread-1] root: io warning 
2014-09-11 22:21:15,638 WARN  [Thread-1] root: io exception 
2014-09-11 22:21:15,638 WARN  [Thread-1] root: io exception 
2014-09-11 22:21:15,638 WARN  [Thread-1] root: io exception 
2014-09-11 22:21:15,639 WARN  [Thread-1] root: null pointer of klout id warning 
2014-09-11 22:21:15,639 WARN  [Thread-1] root: null pointer of klout id warning 
2014-09-11 22:21:15,639 WARN  [Thread-1] root: null pointer of klout id warning 
2014-09-11 22:21:15,639 WARN  [Thread-1] root: null pointer of klout id exception 
2014-09-11 22:21:15,639 WARN  [Thread-1] root: null pointer of klout id exception 
2014-09-11 22:21:15,639 WARN  [Thread-1] root: null pointer of klout id exception 
2014-09-11 22:21:26,592 INFO  [Thread-0] root: user file has written completely
2014-09-11 22:21:26,592 INFO  [Thread-0] root: user file has written completely
2014-09-11 22:21:26,592 INFO  [Thread-0] root: user file has written completely
2014-09-11 22:21:26,592 INFO  [Thread-0] root: geoLocation file has written completely
2014-09-11 22:21:26,592 INFO  [Thread-0] root: geoLocation file has written completely
2014-09-11 22:21:26,592 INFO  [Thread-0] root: geoLocation file has written completely
2014-09-11 22:21:26,592 INFO  [Thread-0] root: GeoLocation class run method end :1410454286592
2014-09-11 22:21:26,592 INFO  [Thread-0] root: GeoLocation class run method end :1410454286592
2014-09-11 22:21:26,592 INFO  [Thread-0] root: GeoLocation class run method end :1410454286592
2014-09-11 22:21:52,142 WARN  [Thread-1] root: Twitter warning 
2014-09-11 22:21:52,142 WARN  [Thread-1] root: Twitter warning 
2014-09-11 22:21:52,142 WARN  [Thread-1] root: Twitter warning 
2014-09-11 22:21:52,143 WARN  [Thread-1] root: Twitter exception 
2014-09-11 22:21:52,143 WARN  [Thread-1] root: Twitter exception 
2014-09-11 22:21:52,143 WARN  [Thread-1] root: Twitter exception 
2014-09-11 22:21:52,575 WARN  [Thread-1] root: Twitter warning 
2014-09-11 22:21:52,575 WARN  [Thread-1] root: Twitter warning 
2014-09-11 22:21:52,575 WARN  [Thread-1] root: Twitter warning 
2014-09-11 22:21:52,575 WARN  [Thread-1] root: Twitter exception 
2014-09-11 22:21:52,575 WARN  [Thread-1] root: Twitter exception 
2014-09-11 22:21:52,575 WARN  [Thread-1] root: Twitter exception 
2014-09-11 22:21:53,004 WARN  [Thread-1] root: Twitter warning 
2014-09-11 22:21:53,004 WARN  [Thread-1] root: Twitter warning 
2014-09-11 22:21:53,004 WARN  [Thread-1] root: Twitter warning 
2014-09-11 22:21:53,005 WARN  [Thread-1] root: Twitter exception 
2014-09-11 22:21:53,005 WARN  [Thread-1] root: Twitter exception 
2014-09-11 22:21:53,005 WARN  [Thread-1] root: Twitter exception 
2014-09-11 22:21:53,444 WARN  [Thread-1] root: Twitter warning 
2014-09-11 22:21:53,444 WARN  [Thread-1] root: Twitter warning 
2014-09-11 22:21:53,444 WARN  [Thread-1] root: Twitter warning 
2014-09-11 22:21:53,444 WARN  [Thread-1] root: Twitter exception 
2014-09-11 22:21:53,444 WARN  [Thread-1] root: Twitter exception 
2014-09-11 22:21:53,444 WARN  [Thread-1] root: Twitter exception 
2014-09-11 22:21:53,894 WARN  [Thread-1] root: Twitter warning 
2014-09-11 22:21:53,894 WARN  [Thread-1] root: Twitter warning 
2014-09-11 22:21:53,894 WARN  [Thread-1] root: Twitter warning 
2014-09-11 22:21:53,895 WARN  [Thread-1] root: Twitter exception 
2014-09-11 22:21:53,895 WARN  [Thread-1] root: Twitter exception 
2014-09-11 22:21:53,895 WARN  [Thread-1] root: Twitter exception 
2014-09-11 22:21:54,338 WARN  [Thread-1] root: Twitter warning 
2014-09-11 22:21:54,338 WARN  [Thread-1] root: Twitter warning 
2014-09-11 22:21:54,338 WARN  [Thread-1] root: Twitter warning 
2014-09-11 22:21:54,338 WARN  [Thread-1] root: Twitter exception 
2014-09-11 22:21:54,338 WARN  [Thread-1] root: Twitter exception 
2014-09-11 22:21:54,338 WARN  [Thread-1] root: Twitter exception 
2014-09-11 22:21:54,793 WARN  [Thread-1] root: Twitter warning 
2014-09-11 22:21:54,793 WARN  [Thread-1] root: Twitter warning 
2014-09-11 22:21:54,793 WARN  [Thread-1] root: Twitter warning 
2014-09-11 22:21:54,794 WARN  [Thread-1] root: Twitter exception 
2014-09-11 22:21:54,794 WARN  [Thread-1] root: Twitter exception 
2014-09-11 22:21:54,794 WARN  [Thread-1] root: Twitter exception 
2014-09-11 22:21:55,221 WARN  [Thread-1] root: Twitter warning 
2014-09-11 22:21:55,221 WARN  [Thread-1] root: Twitter warning 
2014-09-11 22:21:55,221 WARN  [Thread-1] root: Twitter warning 
2014-09-11 22:21:55,221 WARN  [Thread-1] root: Twitter exception 
2014-09-11 22:21:55,221 WARN  [Thread-1] root: Twitter exception 
2014-09-11 22:21:55,221 WARN  [Thread-1] root: Twitter exception 
2014-09-11 22:21:55,650 WARN  [Thread-1] root: Twitter warning 
2014-09-11 22:21:55,650 WARN  [Thread-1] root: Twitter warning 
2014-09-11 22:21:55,650 WARN  [Thread-1] root: Twitter warning 
2014-09-11 22:21:55,650 WARN  [Thread-1] root: Twitter exception 
2014-09-11 22:21:55,650 WARN  [Thread-1] root: Twitter exception 
2014-09-11 22:21:55,650 WARN  [Thread-1] root: Twitter exception 
2014-09-11 22:21:56,082 WARN  [Thread-1] root: Twitter warning 
2014-09-11 22:21:56,082 WARN  [Thread-1] root: Twitter warning 
2014-09-11 22:21:56,082 WARN  [Thread-1] root: Twitter warning 
2014-09-11 22:21:56,082 WARN  [Thread-1] root: Twitter exception 
2014-09-11 22:21:56,082 WARN  [Thread-1] root: Twitter exception 
2014-09-11 22:21:56,082 WARN  [Thread-1] root: Twitter exception 
2014-09-11 22:21:56,375 INFO  [Thread-1] root: most influencers end :1410454316375
2014-09-11 22:21:56,375 INFO  [Thread-1] root: most influencers end :1410454316375
2014-09-11 22:21:56,375 INFO  [Thread-1] root: most influencers end :1410454316375
2014-09-11 22:21:56,376 INFO  [Thread-1] root: process completed
2014-09-11 22:21:56,376 INFO  [Thread-1] root: process completed
2014-09-11 22:21:56,376 INFO  [Thread-1] root: process completed
2014-09-11 22:23:03,623 INFO  [main] root: processing is start
2014-09-11 22:23:03,624 INFO  [main] root: start main method :1410454383624
2014-09-11 22:23:03,630 INFO  [main] root: start main method :1410454383630
2014-09-11 22:23:03,632 INFO  [Thread-0] root: GeoLocation class run method start :1410454383632
2014-09-11 22:23:03,632 INFO  [Thread-0] root: GeoLocation class run method start :1410454383632
2014-09-11 22:23:03,634 INFO  [Thread-1] root: most influencers start :1410454383634
2014-09-11 22:23:03,634 INFO  [Thread-1] root: most influencers start :1410454383634
2014-09-11 22:23:03,634 INFO  [Thread-1] root: most influencers start :1410454383634
2014-09-11 22:23:08,729 WARN  [Thread-0] root: null pointer  warning
2014-09-11 22:23:08,729 WARN  [Thread-0] root: null pointer  warning
2014-09-11 22:23:08,729 WARN  [Thread-0] root: null pointer  warning
2014-09-11 22:23:08,729 WARN  [Thread-0] root: null pointer exception exception
2014-09-11 22:23:08,729 WARN  [Thread-0] root: null pointer exception exception
2014-09-11 22:23:08,729 WARN  [Thread-0] root: null pointer exception exception
2014-09-11 22:23:08,729 INFO  [Thread-0] root: GeoLocation class run method end :1410454388729
2014-09-11 22:23:08,729 INFO  [Thread-0] root: GeoLocation class run method end :1410454388729
2014-09-11 22:23:08,729 INFO  [Thread-0] root: GeoLocation class run method end :1410454388729
2014-09-11 22:23:17,097 WARN  [Thread-1] root: io warning 
2014-09-11 22:23:17,097 WARN  [Thread-1] root: io warning 
2014-09-11 22:23:17,097 WARN  [Thread-1] root: io warning 
2014-09-11 22:23:17,097 WARN  [Thread-1] root: io exception 
2014-09-11 22:23:17,097 WARN  [Thread-1] root: io exception 
2014-09-11 22:23:17,097 WARN  [Thread-1] root: io exception 
2014-09-11 22:23:17,097 WARN  [Thread-1] root: null pointer of klout id warning 
2014-09-11 22:23:17,097 WARN  [Thread-1] root: null pointer of klout id warning 
2014-09-11 22:23:17,097 WARN  [Thread-1] root: null pointer of klout id warning 
2014-09-11 22:23:17,097 WARN  [Thread-1] root: null pointer of klout id exception 
2014-09-11 22:23:17,097 WARN  [Thread-1] root: null pointer of klout id exception 
2014-09-11 22:23:17,097 WARN  [Thread-1] root: null pointer of klout id exception 
2014-09-11 22:23:35,342 WARN  [Thread-1] root: Twitter warning 
2014-09-11 22:23:35,342 WARN  [Thread-1] root: Twitter warning 
2014-09-11 22:23:35,342 WARN  [Thread-1] root: Twitter warning 
2014-09-11 22:23:35,342 WARN  [Thread-1] root: Twitter exception 
2014-09-11 22:23:35,342 WARN  [Thread-1] root: Twitter exception 
2014-09-11 22:23:35,342 WARN  [Thread-1] root: Twitter exception 
2014-09-11 22:23:35,780 WARN  [Thread-1] root: Twitter warning 
2014-09-11 22:23:35,780 WARN  [Thread-1] root: Twitter warning 
2014-09-11 22:23:35,780 WARN  [Thread-1] root: Twitter warning 
2014-09-11 22:23:35,780 WARN  [Thread-1] root: Twitter exception 
2014-09-11 22:23:35,780 WARN  [Thread-1] root: Twitter exception 
2014-09-11 22:23:35,780 WARN  [Thread-1] root: Twitter exception 
2014-09-11 22:23:36,230 WARN  [Thread-1] root: Twitter warning 
2014-09-11 22:23:36,230 WARN  [Thread-1] root: Twitter warning 
2014-09-11 22:23:36,230 WARN  [Thread-1] root: Twitter warning 
2014-09-11 22:23:36,230 WARN  [Thread-1] root: Twitter exception 
2014-09-11 22:23:36,230 WARN  [Thread-1] root: Twitter exception 
2014-09-11 22:23:36,230 WARN  [Thread-1] root: Twitter exception 
2014-09-11 22:23:36,597 WARN  [Thread-1] root: Twitter warning 
2014-09-11 22:23:36,597 WARN  [Thread-1] root: Twitter warning 
2014-09-11 22:23:36,597 WARN  [Thread-1] root: Twitter warning 
2014-09-11 22:23:36,598 WARN  [Thread-1] root: Twitter exception 
2014-09-11 22:23:36,598 WARN  [Thread-1] root: Twitter exception 
2014-09-11 22:23:36,598 WARN  [Thread-1] root: Twitter exception 
2014-09-11 22:23:37,056 WARN  [Thread-1] root: Twitter warning 
2014-09-11 22:23:37,056 WARN  [Thread-1] root: Twitter warning 
2014-09-11 22:23:37,056 WARN  [Thread-1] root: Twitter warning 
2014-09-11 22:23:37,056 WARN  [Thread-1] root: Twitter exception 
2014-09-11 22:23:37,056 WARN  [Thread-1] root: Twitter exception 
2014-09-11 22:23:37,056 WARN  [Thread-1] root: Twitter exception 
2014-09-11 22:23:37,550 WARN  [Thread-1] root: Twitter warning 
2014-09-11 22:23:37,550 WARN  [Thread-1] root: Twitter warning 
2014-09-11 22:23:37,550 WARN  [Thread-1] root: Twitter warning 
2014-09-11 22:23:37,550 WARN  [Thread-1] root: Twitter exception 
2014-09-11 22:23:37,550 WARN  [Thread-1] root: Twitter exception 
2014-09-11 22:23:37,550 WARN  [Thread-1] root: Twitter exception 
2014-09-11 22:23:37,927 WARN  [Thread-1] root: Twitter warning 
2014-09-11 22:23:37,927 WARN  [Thread-1] root: Twitter warning 
2014-09-11 22:23:37,927 WARN  [Thread-1] root: Twitter warning 
2014-09-11 22:23:37,927 WARN  [Thread-1] root: Twitter exception 
2014-09-11 22:23:37,927 WARN  [Thread-1] root: Twitter exception 
2014-09-11 22:23:37,927 WARN  [Thread-1] root: Twitter exception 
2014-09-11 22:23:38,329 WARN  [Thread-1] root: Twitter warning 
2014-09-11 22:23:38,329 WARN  [Thread-1] root: Twitter warning 
2014-09-11 22:23:38,329 WARN  [Thread-1] root: Twitter warning 
2014-09-11 22:23:38,329 WARN  [Thread-1] root: Twitter exception 
2014-09-11 22:23:38,329 WARN  [Thread-1] root: Twitter exception 
2014-09-11 22:23:38,329 WARN  [Thread-1] root: Twitter exception 
2014-09-11 22:23:38,768 WARN  [Thread-1] root: Twitter warning 
2014-09-11 22:23:38,768 WARN  [Thread-1] root: Twitter warning 
2014-09-11 22:23:38,768 WARN  [Thread-1] root: Twitter warning 
2014-09-11 22:23:38,768 WARN  [Thread-1] root: Twitter exception 
2014-09-11 22:23:38,768 WARN  [Thread-1] root: Twitter exception 
2014-09-11 22:23:38,768 WARN  [Thread-1] root: Twitter exception 
2014-09-11 22:23:39,206 WARN  [Thread-1] root: Twitter warning 
2014-09-11 22:23:39,206 WARN  [Thread-1] root: Twitter warning 
2014-09-11 22:23:39,206 WARN  [Thread-1] root: Twitter warning 
2014-09-11 22:23:39,206 WARN  [Thread-1] root: Twitter exception 
2014-09-11 22:23:39,206 WARN  [Thread-1] root: Twitter exception 
2014-09-11 22:23:39,206 WARN  [Thread-1] root: Twitter exception 
2014-09-11 22:23:39,660 WARN  [Thread-1] root: Twitter warning 
2014-09-11 22:23:39,660 WARN  [Thread-1] root: Twitter warning 
2014-09-11 22:23:39,660 WARN  [Thread-1] root: Twitter warning 
2014-09-11 22:23:39,660 WARN  [Thread-1] root: Twitter exception 
2014-09-11 22:23:39,660 WARN  [Thread-1] root: Twitter exception 
2014-09-11 22:23:39,660 WARN  [Thread-1] root: Twitter exception 
2014-09-11 22:23:40,097 WARN  [Thread-1] root: Twitter warning 
2014-09-11 22:23:40,097 WARN  [Thread-1] root: Twitter warning 
2014-09-11 22:23:40,097 WARN  [Thread-1] root: Twitter warning 
2014-09-11 22:23:40,097 WARN  [Thread-1] root: Twitter exception 
2014-09-11 22:23:40,097 WARN  [Thread-1] root: Twitter exception 
2014-09-11 22:23:40,097 WARN  [Thread-1] root: Twitter exception 
2014-09-11 22:23:40,537 WARN  [Thread-1] root: Twitter warning 
2014-09-11 22:23:40,537 WARN  [Thread-1] root: Twitter warning 
2014-09-11 22:23:40,537 WARN  [Thread-1] root: Twitter warning 
2014-09-11 22:23:40,537 WARN  [Thread-1] root: Twitter exception 
2014-09-11 22:23:40,537 WARN  [Thread-1] root: Twitter exception 
2014-09-11 22:23:40,537 WARN  [Thread-1] root: Twitter exception 
2014-09-11 22:23:40,976 WARN  [Thread-1] root: Twitter warning 
2014-09-11 22:23:40,976 WARN  [Thread-1] root: Twitter warning 
2014-09-11 22:23:40,976 WARN  [Thread-1] root: Twitter warning 
2014-09-11 22:23:40,976 WARN  [Thread-1] root: Twitter exception 
2014-09-11 22:23:40,976 WARN  [Thread-1] root: Twitter exception 
2014-09-11 22:23:40,976 WARN  [Thread-1] root: Twitter exception 
2014-09-11 22:23:41,418 WARN  [Thread-1] root: Twitter warning 
2014-09-11 22:23:41,418 WARN  [Thread-1] root: Twitter warning 
2014-09-11 22:23:41,418 WARN  [Thread-1] root: Twitter warning 
2014-09-11 22:23:41,418 WARN  [Thread-1] root: Twitter exception 
2014-09-11 22:23:41,418 WARN  [Thread-1] root: Twitter exception 
2014-09-11 22:23:41,418 WARN  [Thread-1] root: Twitter exception 
2014-09-11 22:23:41,858 WARN  [Thread-1] root: Twitter warning 
2014-09-11 22:23:41,858 WARN  [Thread-1] root: Twitter warning 
2014-09-11 22:23:41,858 WARN  [Thread-1] root: Twitter warning 
2014-09-11 22:23:41,858 WARN  [Thread-1] root: Twitter exception 
2014-09-11 22:23:41,858 WARN  [Thread-1] root: Twitter exception 
2014-09-11 22:23:41,858 WARN  [Thread-1] root: Twitter exception 
2014-09-11 22:23:42,309 WARN  [Thread-1] root: Twitter warning 
2014-09-11 22:23:42,309 WARN  [Thread-1] root: Twitter warning 
2014-09-11 22:23:42,309 WARN  [Thread-1] root: Twitter warning 
2014-09-11 22:23:42,309 WARN  [Thread-1] root: Twitter exception 
2014-09-11 22:23:42,309 WARN  [Thread-1] root: Twitter exception 
2014-09-11 22:23:42,309 WARN  [Thread-1] root: Twitter exception 
2014-09-11 22:23:42,748 WARN  [Thread-1] root: Twitter warning 
2014-09-11 22:23:42,748 WARN  [Thread-1] root: Twitter warning 
2014-09-11 22:23:42,748 WARN  [Thread-1] root: Twitter warning 
2014-09-11 22:23:42,748 WARN  [Thread-1] root: Twitter exception 
2014-09-11 22:23:42,748 WARN  [Thread-1] root: Twitter exception 
2014-09-11 22:23:42,748 WARN  [Thread-1] root: Twitter exception 
2014-09-11 22:23:43,188 WARN  [Thread-1] root: Twitter warning 
2014-09-11 22:23:43,188 WARN  [Thread-1] root: Twitter warning 
2014-09-11 22:23:43,188 WARN  [Thread-1] root: Twitter warning 
2014-09-11 22:23:43,188 WARN  [Thread-1] root: Twitter exception 
2014-09-11 22:23:43,188 WARN  [Thread-1] root: Twitter exception 
2014-09-11 22:23:43,188 WARN  [Thread-1] root: Twitter exception 
2014-09-11 22:23:43,626 WARN  [Thread-1] root: Twitter warning 
2014-09-11 22:23:43,626 WARN  [Thread-1] root: Twitter warning 
2014-09-11 22:23:43,626 WARN  [Thread-1] root: Twitter warning 
2014-09-11 22:23:43,626 WARN  [Thread-1] root: Twitter exception 
2014-09-11 22:23:43,626 WARN  [Thread-1] root: Twitter exception 
2014-09-11 22:23:43,626 WARN  [Thread-1] root: Twitter exception 
2014-09-11 22:23:44,072 WARN  [Thread-1] root: Twitter warning 
2014-09-11 22:23:44,072 WARN  [Thread-1] root: Twitter warning 
2014-09-11 22:23:44,072 WARN  [Thread-1] root: Twitter warning 
2014-09-11 22:23:44,072 WARN  [Thread-1] root: Twitter exception 
2014-09-11 22:23:44,072 WARN  [Thread-1] root: Twitter exception 
2014-09-11 22:23:44,072 WARN  [Thread-1] root: Twitter exception 
2014-09-11 22:23:44,518 WARN  [Thread-1] root: Twitter warning 
2014-09-11 22:23:44,518 WARN  [Thread-1] root: Twitter warning 
2014-09-11 22:23:44,518 WARN  [Thread-1] root: Twitter warning 
2014-09-11 22:23:44,518 WARN  [Thread-1] root: Twitter exception 
2014-09-11 22:23:44,518 WARN  [Thread-1] root: Twitter exception 
2014-09-11 22:23:44,518 WARN  [Thread-1] root: Twitter exception 
2014-09-11 22:23:44,970 WARN  [Thread-1] root: Twitter warning 
2014-09-11 22:23:44,970 WARN  [Thread-1] root: Twitter warning 
2014-09-11 22:23:44,970 WARN  [Thread-1] root: Twitter warning 
2014-09-11 22:23:44,970 WARN  [Thread-1] root: Twitter exception 
2014-09-11 22:23:44,970 WARN  [Thread-1] root: Twitter exception 
2014-09-11 22:23:44,970 WARN  [Thread-1] root: Twitter exception 
2014-09-11 22:23:45,408 WARN  [Thread-1] root: Twitter warning 
2014-09-11 22:23:45,408 WARN  [Thread-1] root: Twitter warning 
2014-09-11 22:23:45,408 WARN  [Thread-1] root: Twitter warning 
2014-09-11 22:23:45,408 WARN  [Thread-1] root: Twitter exception 
2014-09-11 22:23:45,408 WARN  [Thread-1] root: Twitter exception 
2014-09-11 22:23:45,408 WARN  [Thread-1] root: Twitter exception 
2014-09-11 22:23:45,846 WARN  [Thread-1] root: Twitter warning 
2014-09-11 22:23:45,846 WARN  [Thread-1] root: Twitter warning 
2014-09-11 22:23:45,846 WARN  [Thread-1] root: Twitter warning 
2014-09-11 22:23:45,846 WARN  [Thread-1] root: Twitter exception 
2014-09-11 22:23:45,846 WARN  [Thread-1] root: Twitter exception 
2014-09-11 22:23:45,846 WARN  [Thread-1] root: Twitter exception 
2014-09-11 22:23:46,292 WARN  [Thread-1] root: Twitter warning 
2014-09-11 22:23:46,292 WARN  [Thread-1] root: Twitter warning 
2014-09-11 22:23:46,292 WARN  [Thread-1] root: Twitter warning 
2014-09-11 22:23:46,292 WARN  [Thread-1] root: Twitter exception 
2014-09-11 22:23:46,292 WARN  [Thread-1] root: Twitter exception 
2014-09-11 22:23:46,292 WARN  [Thread-1] root: Twitter exception 
2014-09-11 22:23:46,726 WARN  [Thread-1] root: Twitter warning 
2014-09-11 22:23:46,726 WARN  [Thread-1] root: Twitter warning 
2014-09-11 22:23:46,726 WARN  [Thread-1] root: Twitter warning 
2014-09-11 22:23:46,726 WARN  [Thread-1] root: Twitter exception 
2014-09-11 22:23:46,726 WARN  [Thread-1] root: Twitter exception 
2014-09-11 22:23:46,726 WARN  [Thread-1] root: Twitter exception 
2014-09-11 22:23:47,166 WARN  [Thread-1] root: Twitter warning 
2014-09-11 22:23:47,166 WARN  [Thread-1] root: Twitter warning 
2014-09-11 22:23:47,166 WARN  [Thread-1] root: Twitter warning 
2014-09-11 22:23:47,167 WARN  [Thread-1] root: Twitter exception 
2014-09-11 22:23:47,167 WARN  [Thread-1] root: Twitter exception 
2014-09-11 22:23:47,167 WARN  [Thread-1] root: Twitter exception 
2014-09-11 22:23:47,598 WARN  [Thread-1] root: Twitter warning 
2014-09-11 22:23:47,598 WARN  [Thread-1] root: Twitter warning 
2014-09-11 22:23:47,598 WARN  [Thread-1] root: Twitter warning 
2014-09-11 22:23:47,598 WARN  [Thread-1] root: Twitter exception 
2014-09-11 22:23:47,598 WARN  [Thread-1] root: Twitter exception 
2014-09-11 22:23:47,598 WARN  [Thread-1] root: Twitter exception 
2014-09-11 22:23:48,068 WARN  [Thread-1] root: Twitter warning 
2014-09-11 22:23:48,068 WARN  [Thread-1] root: Twitter warning 
2014-09-11 22:23:48,068 WARN  [Thread-1] root: Twitter warning 
2014-09-11 22:23:48,068 WARN  [Thread-1] root: Twitter exception 
2014-09-11 22:23:48,068 WARN  [Thread-1] root: Twitter exception 
2014-09-11 22:23:48,068 WARN  [Thread-1] root: Twitter exception 
2014-09-11 22:23:48,506 WARN  [Thread-1] root: Twitter warning 
2014-09-11 22:23:48,506 WARN  [Thread-1] root: Twitter warning 
2014-09-11 22:23:48,506 WARN  [Thread-1] root: Twitter warning 
2014-09-11 22:23:48,506 WARN  [Thread-1] root: Twitter exception 
2014-09-11 22:23:48,506 WARN  [Thread-1] root: Twitter exception 
2014-09-11 22:23:48,506 WARN  [Thread-1] root: Twitter exception 
2014-09-11 22:23:48,946 WARN  [Thread-1] root: Twitter warning 
2014-09-11 22:23:48,946 WARN  [Thread-1] root: Twitter warning 
2014-09-11 22:23:48,946 WARN  [Thread-1] root: Twitter warning 
2014-09-11 22:23:48,946 WARN  [Thread-1] root: Twitter exception 
2014-09-11 22:23:48,946 WARN  [Thread-1] root: Twitter exception 
2014-09-11 22:23:48,946 WARN  [Thread-1] root: Twitter exception 
2014-09-11 22:23:49,393 WARN  [Thread-1] root: Twitter warning 
2014-09-11 22:23:49,393 WARN  [Thread-1] root: Twitter warning 
2014-09-11 22:23:49,393 WARN  [Thread-1] root: Twitter warning 
2014-09-11 22:23:49,393 WARN  [Thread-1] root: Twitter exception 
2014-09-11 22:23:49,393 WARN  [Thread-1] root: Twitter exception 
2014-09-11 22:23:49,393 WARN  [Thread-1] root: Twitter exception 
2014-09-11 22:23:49,868 WARN  [Thread-1] root: Twitter warning 
2014-09-11 22:23:49,868 WARN  [Thread-1] root: Twitter warning 
2014-09-11 22:23:49,868 WARN  [Thread-1] root: Twitter warning 
2014-09-11 22:23:49,868 WARN  [Thread-1] root: Twitter exception 
2014-09-11 22:23:49,868 WARN  [Thread-1] root: Twitter exception 
2014-09-11 22:23:49,868 WARN  [Thread-1] root: Twitter exception 
2014-09-11 22:23:50,306 WARN  [Thread-1] root: Twitter warning 
2014-09-11 22:23:50,306 WARN  [Thread-1] root: Twitter warning 
2014-09-11 22:23:50,306 WARN  [Thread-1] root: Twitter warning 
2014-09-11 22:23:50,307 WARN  [Thread-1] root: Twitter exception 
2014-09-11 22:23:50,307 WARN  [Thread-1] root: Twitter exception 
2014-09-11 22:23:50,307 WARN  [Thread-1] root: Twitter exception 
2014-09-11 22:23:50,776 WARN  [Thread-1] root: Twitter warning 
2014-09-11 22:23:50,776 WARN  [Thread-1] root: Twitter warning 
2014-09-11 22:23:50,776 WARN  [Thread-1] root: Twitter warning 
2014-09-11 22:23:50,776 WARN  [Thread-1] root: Twitter exception 
2014-09-11 22:23:50,776 WARN  [Thread-1] root: Twitter exception 
2014-09-11 22:23:50,776 WARN  [Thread-1] root: Twitter exception 
2014-09-11 22:23:51,226 WARN  [Thread-1] root: Twitter warning 
2014-09-11 22:23:51,226 WARN  [Thread-1] root: Twitter warning 
2014-09-11 22:23:51,226 WARN  [Thread-1] root: Twitter warning 
2014-09-11 22:23:51,226 WARN  [Thread-1] root: Twitter exception 
2014-09-11 22:23:51,226 WARN  [Thread-1] root: Twitter exception 
2014-09-11 22:23:51,226 WARN  [Thread-1] root: Twitter exception 
2014-09-11 22:23:51,667 WARN  [Thread-1] root: Twitter warning 
2014-09-11 22:23:51,667 WARN  [Thread-1] root: Twitter warning 
2014-09-11 22:23:51,667 WARN  [Thread-1] root: Twitter warning 
2014-09-11 22:23:51,667 WARN  [Thread-1] root: Twitter exception 
2014-09-11 22:23:51,667 WARN  [Thread-1] root: Twitter exception 
2014-09-11 22:23:51,667 WARN  [Thread-1] root: Twitter exception 
2014-09-11 22:23:52,118 WARN  [Thread-1] root: Twitter warning 
2014-09-11 22:23:52,118 WARN  [Thread-1] root: Twitter warning 
2014-09-11 22:23:52,118 WARN  [Thread-1] root: Twitter warning 
2014-09-11 22:23:52,118 WARN  [Thread-1] root: Twitter exception 
2014-09-11 22:23:52,118 WARN  [Thread-1] root: Twitter exception 
2014-09-11 22:23:52,118 WARN  [Thread-1] root: Twitter exception 
2014-09-11 22:23:52,556 WARN  [Thread-1] root: Twitter warning 
2014-09-11 22:23:52,556 WARN  [Thread-1] root: Twitter warning 
2014-09-11 22:23:52,556 WARN  [Thread-1] root: Twitter warning 
2014-09-11 22:23:52,556 WARN  [Thread-1] root: Twitter exception 
2014-09-11 22:23:52,556 WARN  [Thread-1] root: Twitter exception 
2014-09-11 22:23:52,556 WARN  [Thread-1] root: Twitter exception 
2014-09-11 22:23:52,998 WARN  [Thread-1] root: Twitter warning 
2014-09-11 22:23:52,998 WARN  [Thread-1] root: Twitter warning 
2014-09-11 22:23:52,998 WARN  [Thread-1] root: Twitter warning 
2014-09-11 22:23:52,998 WARN  [Thread-1] root: Twitter exception 
2014-09-11 22:23:52,998 WARN  [Thread-1] root: Twitter exception 
2014-09-11 22:23:52,998 WARN  [Thread-1] root: Twitter exception 
2014-09-11 22:23:53,468 WARN  [Thread-1] root: Twitter warning 
2014-09-11 22:23:53,468 WARN  [Thread-1] root: Twitter warning 
2014-09-11 22:23:53,468 WARN  [Thread-1] root: Twitter warning 
2014-09-11 22:23:53,468 WARN  [Thread-1] root: Twitter exception 
2014-09-11 22:23:53,468 WARN  [Thread-1] root: Twitter exception 
2014-09-11 22:23:53,468 WARN  [Thread-1] root: Twitter exception 
2014-09-11 22:23:53,920 WARN  [Thread-1] root: Twitter warning 
2014-09-11 22:23:53,920 WARN  [Thread-1] root: Twitter warning 
2014-09-11 22:23:53,920 WARN  [Thread-1] root: Twitter warning 
2014-09-11 22:23:53,920 WARN  [Thread-1] root: Twitter exception 
2014-09-11 22:23:53,920 WARN  [Thread-1] root: Twitter exception 
2014-09-11 22:23:53,920 WARN  [Thread-1] root: Twitter exception 
2014-09-11 22:23:54,356 WARN  [Thread-1] root: Twitter warning 
2014-09-11 22:23:54,356 WARN  [Thread-1] root: Twitter warning 
2014-09-11 22:23:54,356 WARN  [Thread-1] root: Twitter warning 
2014-09-11 22:23:54,356 WARN  [Thread-1] root: Twitter exception 
2014-09-11 22:23:54,356 WARN  [Thread-1] root: Twitter exception 
2014-09-11 22:23:54,356 WARN  [Thread-1] root: Twitter exception 
2014-09-11 22:23:54,796 WARN  [Thread-1] root: Twitter warning 
2014-09-11 22:23:54,796 WARN  [Thread-1] root: Twitter warning 
2014-09-11 22:23:54,796 WARN  [Thread-1] root: Twitter warning 
2014-09-11 22:23:54,796 WARN  [Thread-1] root: Twitter exception 
2014-09-11 22:23:54,796 WARN  [Thread-1] root: Twitter exception 
2014-09-11 22:23:54,796 WARN  [Thread-1] root: Twitter exception 
2014-09-11 22:23:55,218 WARN  [Thread-1] root: Twitter warning 
2014-09-11 22:23:55,218 WARN  [Thread-1] root: Twitter warning 
2014-09-11 22:23:55,218 WARN  [Thread-1] root: Twitter warning 
2014-09-11 22:23:55,218 WARN  [Thread-1] root: Twitter exception 
2014-09-11 22:23:55,218 WARN  [Thread-1] root: Twitter exception 
2014-09-11 22:23:55,218 WARN  [Thread-1] root: Twitter exception 
2014-09-11 22:23:55,219 INFO  [Thread-1] root: most influencers end :1410454435219
2014-09-11 22:23:55,219 INFO  [Thread-1] root: most influencers end :1410454435219
2014-09-11 22:23:55,219 INFO  [Thread-1] root: most influencers end :1410454435219
2014-09-11 22:23:55,219 INFO  [Thread-1] root: process completed
2014-09-11 22:23:55,219 INFO  [Thread-1] root: process completed
2014-09-11 22:23:55,219 INFO  [Thread-1] root: process completed
2014-09-11 23:03:53,062 INFO  [main] root: processing is start
2014-09-11 23:03:53,063 INFO  [main] root: start main method :1410456833062
2014-09-11 23:03:53,115 INFO  [main] root: start main method :1410456833114
2014-09-11 23:03:53,117 INFO  [Thread-1] root: most influencers start :1410456833117
2014-09-11 23:03:53,117 INFO  [Thread-1] root: most influencers start :1410456833117
2014-09-11 23:03:53,117 INFO  [Thread-1] root: most influencers start :1410456833117
2014-09-11 23:03:53,118 INFO  [Thread-0] root: GeoLocation class run method start :1410456833117
2014-09-11 23:03:53,118 INFO  [Thread-0] root: GeoLocation class run method start :1410456833117
2014-09-11 23:03:53,118 INFO  [Thread-0] root: GeoLocation class run method start :1410456833117
2014-09-11 23:03:58,919 WARN  [Thread-0] root: null pointer  warning
2014-09-11 23:03:58,919 WARN  [Thread-0] root: null pointer  warning
2014-09-11 23:03:58,919 WARN  [Thread-0] root: null pointer  warning
2014-09-11 23:03:58,919 WARN  [Thread-0] root: null pointer exception exception
2014-09-11 23:03:58,919 WARN  [Thread-0] root: null pointer exception exception
2014-09-11 23:03:58,919 WARN  [Thread-0] root: null pointer exception exception
2014-09-11 23:03:58,919 INFO  [Thread-0] root: GeoLocation class run method end :1410456838919
2014-09-11 23:03:58,919 INFO  [Thread-0] root: GeoLocation class run method end :1410456838919
2014-09-11 23:03:58,919 INFO  [Thread-0] root: GeoLocation class run method end :1410456838919
2014-09-11 23:04:07,488 WARN  [Thread-1] root: io warning 
2014-09-11 23:04:07,488 WARN  [Thread-1] root: io warning 
2014-09-11 23:04:07,488 WARN  [Thread-1] root: io warning 
2014-09-11 23:04:07,488 WARN  [Thread-1] root: io exception 
2014-09-11 23:04:07,488 WARN  [Thread-1] root: io exception 
2014-09-11 23:04:07,488 WARN  [Thread-1] root: io exception 
2014-09-11 23:04:07,489 WARN  [Thread-1] root: null pointer of klout id warning 
2014-09-11 23:04:07,489 WARN  [Thread-1] root: null pointer of klout id warning 
2014-09-11 23:04:07,489 WARN  [Thread-1] root: null pointer of klout id warning 
2014-09-11 23:04:07,489 WARN  [Thread-1] root: null pointer of klout id exception 
2014-09-11 23:04:07,489 WARN  [Thread-1] root: null pointer of klout id exception 
2014-09-11 23:04:07,489 WARN  [Thread-1] root: null pointer of klout id exception 
2014-09-11 23:04:26,576 WARN  [Thread-1] root: null pointer of user warning 
2014-09-11 23:04:26,576 WARN  [Thread-1] root: null pointer of user warning 
2014-09-11 23:04:26,576 WARN  [Thread-1] root: null pointer of user warning 
2014-09-11 23:04:26,577 WARN  [Thread-1] root: null pointer of user exception 
2014-09-11 23:04:26,577 WARN  [Thread-1] root: null pointer of user exception 
2014-09-11 23:04:26,577 WARN  [Thread-1] root: null pointer of user exception 
2014-09-11 23:04:26,971 WARN  [Thread-1] root: null pointer of user warning 
2014-09-11 23:04:26,971 WARN  [Thread-1] root: null pointer of user warning 
2014-09-11 23:04:26,971 WARN  [Thread-1] root: null pointer of user warning 
2014-09-11 23:04:26,971 WARN  [Thread-1] root: null pointer of user exception 
2014-09-11 23:04:26,971 WARN  [Thread-1] root: null pointer of user exception 
2014-09-11 23:04:26,971 WARN  [Thread-1] root: null pointer of user exception 
2014-09-11 23:04:27,542 WARN  [Thread-1] root: null pointer of user warning 
2014-09-11 23:04:27,542 WARN  [Thread-1] root: null pointer of user warning 
2014-09-11 23:04:27,542 WARN  [Thread-1] root: null pointer of user warning 
2014-09-11 23:04:27,543 WARN  [Thread-1] root: null pointer of user exception 
2014-09-11 23:04:27,543 WARN  [Thread-1] root: null pointer of user exception 
2014-09-11 23:04:27,543 WARN  [Thread-1] root: null pointer of user exception 
2014-09-11 23:04:28,021 WARN  [Thread-1] root: null pointer of user warning 
2014-09-11 23:04:28,021 WARN  [Thread-1] root: null pointer of user warning 
2014-09-11 23:04:28,021 WARN  [Thread-1] root: null pointer of user warning 
2014-09-11 23:04:28,022 WARN  [Thread-1] root: null pointer of user exception 
2014-09-11 23:04:28,022 WARN  [Thread-1] root: null pointer of user exception 
2014-09-11 23:04:28,022 WARN  [Thread-1] root: null pointer of user exception 
2014-09-11 23:04:28,478 WARN  [Thread-1] root: Twitter warning 
2014-09-11 23:04:28,478 WARN  [Thread-1] root: Twitter warning 
2014-09-11 23:04:28,478 WARN  [Thread-1] root: Twitter warning 
2014-09-11 23:04:28,479 WARN  [Thread-1] root: Twitter exception 
2014-09-11 23:04:28,479 WARN  [Thread-1] root: Twitter exception 
2014-09-11 23:04:28,479 WARN  [Thread-1] root: Twitter exception 
2014-09-11 23:04:28,942 WARN  [Thread-1] root: null pointer of user warning 
2014-09-11 23:04:28,942 WARN  [Thread-1] root: null pointer of user warning 
2014-09-11 23:04:28,942 WARN  [Thread-1] root: null pointer of user warning 
2014-09-11 23:04:28,942 WARN  [Thread-1] root: null pointer of user exception 
2014-09-11 23:04:28,942 WARN  [Thread-1] root: null pointer of user exception 
2014-09-11 23:04:28,942 WARN  [Thread-1] root: null pointer of user exception 
2014-09-11 23:04:29,410 WARN  [Thread-1] root: null pointer of user warning 
2014-09-11 23:04:29,410 WARN  [Thread-1] root: null pointer of user warning 
2014-09-11 23:04:29,410 WARN  [Thread-1] root: null pointer of user warning 
2014-09-11 23:04:29,410 WARN  [Thread-1] root: null pointer of user exception 
2014-09-11 23:04:29,410 WARN  [Thread-1] root: null pointer of user exception 
2014-09-11 23:04:29,410 WARN  [Thread-1] root: null pointer of user exception 
2014-09-11 23:04:29,895 WARN  [Thread-1] root: null pointer of user warning 
2014-09-11 23:04:29,895 WARN  [Thread-1] root: null pointer of user warning 
2014-09-11 23:04:29,895 WARN  [Thread-1] root: null pointer of user warning 
2014-09-11 23:04:29,895 WARN  [Thread-1] root: null pointer of user exception 
2014-09-11 23:04:29,895 WARN  [Thread-1] root: null pointer of user exception 
2014-09-11 23:04:29,895 WARN  [Thread-1] root: null pointer of user exception 
2014-09-11 23:04:30,368 WARN  [Thread-1] root: null pointer of user warning 
2014-09-11 23:04:30,368 WARN  [Thread-1] root: null pointer of user warning 
2014-09-11 23:04:30,368 WARN  [Thread-1] root: null pointer of user warning 
2014-09-11 23:04:30,369 WARN  [Thread-1] root: null pointer of user exception 
2014-09-11 23:04:30,369 WARN  [Thread-1] root: null pointer of user exception 
2014-09-11 23:04:30,369 WARN  [Thread-1] root: null pointer of user exception 
2014-09-11 23:04:30,839 WARN  [Thread-1] root: null pointer of user warning 
2014-09-11 23:04:30,839 WARN  [Thread-1] root: null pointer of user warning 
2014-09-11 23:04:30,839 WARN  [Thread-1] root: null pointer of user warning 
2014-09-11 23:04:30,840 WARN  [Thread-1] root: null pointer of user exception 
2014-09-11 23:04:30,840 WARN  [Thread-1] root: null pointer of user exception 
2014-09-11 23:04:30,840 WARN  [Thread-1] root: null pointer of user exception 
2014-09-11 23:04:31,301 WARN  [Thread-1] root: null pointer of user warning 
2014-09-11 23:04:31,301 WARN  [Thread-1] root: null pointer of user warning 
2014-09-11 23:04:31,301 WARN  [Thread-1] root: null pointer of user warning 
2014-09-11 23:04:31,302 WARN  [Thread-1] root: null pointer of user exception 
2014-09-11 23:04:31,302 WARN  [Thread-1] root: null pointer of user exception 
2014-09-11 23:04:31,302 WARN  [Thread-1] root: null pointer of user exception 
2014-09-11 23:04:31,766 WARN  [Thread-1] root: null pointer of user warning 
2014-09-11 23:04:31,766 WARN  [Thread-1] root: null pointer of user warning 
2014-09-11 23:04:31,766 WARN  [Thread-1] root: null pointer of user warning 
2014-09-11 23:04:31,768 WARN  [Thread-1] root: null pointer of user exception 
2014-09-11 23:04:31,768 WARN  [Thread-1] root: null pointer of user exception 
2014-09-11 23:04:31,768 WARN  [Thread-1] root: null pointer of user exception 
2014-09-11 23:04:32,245 WARN  [Thread-1] root: null pointer of user warning 
2014-09-11 23:04:32,245 WARN  [Thread-1] root: null pointer of user warning 
2014-09-11 23:04:32,245 WARN  [Thread-1] root: null pointer of user warning 
2014-09-11 23:04:32,245 WARN  [Thread-1] root: null pointer of user exception 
2014-09-11 23:04:32,245 WARN  [Thread-1] root: null pointer of user exception 
2014-09-11 23:04:32,245 WARN  [Thread-1] root: null pointer of user exception 
2014-09-11 23:04:32,704 WARN  [Thread-1] root: null pointer of user warning 
2014-09-11 23:04:32,704 WARN  [Thread-1] root: null pointer of user warning 
2014-09-11 23:04:32,704 WARN  [Thread-1] root: null pointer of user warning 
2014-09-11 23:04:32,704 WARN  [Thread-1] root: null pointer of user exception 
2014-09-11 23:04:32,704 WARN  [Thread-1] root: null pointer of user exception 
2014-09-11 23:04:32,704 WARN  [Thread-1] root: null pointer of user exception 
2014-09-11 23:04:33,169 WARN  [Thread-1] root: null pointer of user warning 
2014-09-11 23:04:33,169 WARN  [Thread-1] root: null pointer of user warning 
2014-09-11 23:04:33,169 WARN  [Thread-1] root: null pointer of user warning 
2014-09-11 23:04:33,169 WARN  [Thread-1] root: null pointer of user exception 
2014-09-11 23:04:33,169 WARN  [Thread-1] root: null pointer of user exception 
2014-09-11 23:04:33,169 WARN  [Thread-1] root: null pointer of user exception 
2014-09-11 23:04:33,631 WARN  [Thread-1] root: null pointer of user warning 
2014-09-11 23:04:33,631 WARN  [Thread-1] root: null pointer of user warning 
2014-09-11 23:04:33,631 WARN  [Thread-1] root: null pointer of user warning 
2014-09-11 23:04:33,631 WARN  [Thread-1] root: null pointer of user exception 
2014-09-11 23:04:33,631 WARN  [Thread-1] root: null pointer of user exception 
2014-09-11 23:04:33,631 WARN  [Thread-1] root: null pointer of user exception 
2014-09-11 23:04:34,099 WARN  [Thread-1] root: null pointer of user warning 
2014-09-11 23:04:34,099 WARN  [Thread-1] root: null pointer of user warning 
2014-09-11 23:04:34,099 WARN  [Thread-1] root: null pointer of user warning 
2014-09-11 23:04:34,099 WARN  [Thread-1] root: null pointer of user exception 
2014-09-11 23:04:34,099 WARN  [Thread-1] root: null pointer of user exception 
2014-09-11 23:04:34,099 WARN  [Thread-1] root: null pointer of user exception 
2014-09-11 23:04:34,563 WARN  [Thread-1] root: null pointer of user warning 
2014-09-11 23:04:34,563 WARN  [Thread-1] root: null pointer of user warning 
2014-09-11 23:04:34,563 WARN  [Thread-1] root: null pointer of user warning 
2014-09-11 23:04:34,563 WARN  [Thread-1] root: null pointer of user exception 
2014-09-11 23:04:34,563 WARN  [Thread-1] root: null pointer of user exception 
2014-09-11 23:04:34,563 WARN  [Thread-1] root: null pointer of user exception 
2014-09-11 23:04:35,047 WARN  [Thread-1] root: null pointer of user warning 
2014-09-11 23:04:35,047 WARN  [Thread-1] root: null pointer of user warning 
2014-09-11 23:04:35,047 WARN  [Thread-1] root: null pointer of user warning 
2014-09-11 23:04:35,047 WARN  [Thread-1] root: null pointer of user exception 
2014-09-11 23:04:35,047 WARN  [Thread-1] root: null pointer of user exception 
2014-09-11 23:04:35,047 WARN  [Thread-1] root: null pointer of user exception 
2014-09-11 23:04:35,507 WARN  [Thread-1] root: null pointer of user warning 
2014-09-11 23:04:35,507 WARN  [Thread-1] root: null pointer of user warning 
2014-09-11 23:04:35,507 WARN  [Thread-1] root: null pointer of user warning 
2014-09-11 23:04:35,508 WARN  [Thread-1] root: null pointer of user exception 
2014-09-11 23:04:35,508 WARN  [Thread-1] root: null pointer of user exception 
2014-09-11 23:04:35,508 WARN  [Thread-1] root: null pointer of user exception 
2014-09-11 23:04:35,980 WARN  [Thread-1] root: null pointer of user warning 
2014-09-11 23:04:35,980 WARN  [Thread-1] root: null pointer of user warning 
2014-09-11 23:04:35,980 WARN  [Thread-1] root: null pointer of user warning 
2014-09-11 23:04:35,980 WARN  [Thread-1] root: null pointer of user exception 
2014-09-11 23:04:35,980 WARN  [Thread-1] root: null pointer of user exception 
2014-09-11 23:04:35,980 WARN  [Thread-1] root: null pointer of user exception 
2014-09-11 23:04:36,438 WARN  [Thread-1] root: null pointer of user warning 
2014-09-11 23:04:36,438 WARN  [Thread-1] root: null pointer of user warning 
2014-09-11 23:04:36,438 WARN  [Thread-1] root: null pointer of user warning 
2014-09-11 23:04:36,438 WARN  [Thread-1] root: null pointer of user exception 
2014-09-11 23:04:36,438 WARN  [Thread-1] root: null pointer of user exception 
2014-09-11 23:04:36,438 WARN  [Thread-1] root: null pointer of user exception 
2014-09-11 23:04:36,906 WARN  [Thread-1] root: null pointer of user warning 
2014-09-11 23:04:36,906 WARN  [Thread-1] root: null pointer of user warning 
2014-09-11 23:04:36,906 WARN  [Thread-1] root: null pointer of user warning 
2014-09-11 23:04:36,907 WARN  [Thread-1] root: null pointer of user exception 
2014-09-11 23:04:36,907 WARN  [Thread-1] root: null pointer of user exception 
2014-09-11 23:04:36,907 WARN  [Thread-1] root: null pointer of user exception 
2014-09-11 23:04:37,370 WARN  [Thread-1] root: null pointer of user warning 
2014-09-11 23:04:37,370 WARN  [Thread-1] root: null pointer of user warning 
2014-09-11 23:04:37,370 WARN  [Thread-1] root: null pointer of user warning 
2014-09-11 23:04:37,370 WARN  [Thread-1] root: null pointer of user exception 
2014-09-11 23:04:37,370 WARN  [Thread-1] root: null pointer of user exception 
2014-09-11 23:04:37,370 WARN  [Thread-1] root: null pointer of user exception 
2014-09-11 23:04:37,834 WARN  [Thread-1] root: null pointer of user warning 
2014-09-11 23:04:37,834 WARN  [Thread-1] root: null pointer of user warning 
2014-09-11 23:04:37,834 WARN  [Thread-1] root: null pointer of user warning 
2014-09-11 23:04:37,835 WARN  [Thread-1] root: null pointer of user exception 
2014-09-11 23:04:37,835 WARN  [Thread-1] root: null pointer of user exception 
2014-09-11 23:04:37,835 WARN  [Thread-1] root: null pointer of user exception 
2014-09-11 23:04:38,317 WARN  [Thread-1] root: null pointer of user warning 
2014-09-11 23:04:38,317 WARN  [Thread-1] root: null pointer of user warning 
2014-09-11 23:04:38,317 WARN  [Thread-1] root: null pointer of user warning 
2014-09-11 23:04:38,317 WARN  [Thread-1] root: null pointer of user exception 
2014-09-11 23:04:38,317 WARN  [Thread-1] root: null pointer of user exception 
2014-09-11 23:04:38,317 WARN  [Thread-1] root: null pointer of user exception 
2014-09-11 23:04:38,778 WARN  [Thread-1] root: null pointer of user warning 
2014-09-11 23:04:38,778 WARN  [Thread-1] root: null pointer of user warning 
2014-09-11 23:04:38,778 WARN  [Thread-1] root: null pointer of user warning 
2014-09-11 23:04:38,778 WARN  [Thread-1] root: null pointer of user exception 
2014-09-11 23:04:38,778 WARN  [Thread-1] root: null pointer of user exception 
2014-09-11 23:04:38,778 WARN  [Thread-1] root: null pointer of user exception 
2014-09-11 23:04:39,240 WARN  [Thread-1] root: null pointer of user warning 
2014-09-11 23:04:39,240 WARN  [Thread-1] root: null pointer of user warning 
2014-09-11 23:04:39,240 WARN  [Thread-1] root: null pointer of user warning 
2014-09-11 23:04:39,241 WARN  [Thread-1] root: null pointer of user exception 
2014-09-11 23:04:39,241 WARN  [Thread-1] root: null pointer of user exception 
2014-09-11 23:04:39,241 WARN  [Thread-1] root: null pointer of user exception 
2014-09-11 23:04:39,727 WARN  [Thread-1] root: null pointer of user warning 
2014-09-11 23:04:39,727 WARN  [Thread-1] root: null pointer of user warning 
2014-09-11 23:04:39,727 WARN  [Thread-1] root: null pointer of user warning 
2014-09-11 23:04:39,727 WARN  [Thread-1] root: null pointer of user exception 
2014-09-11 23:04:39,727 WARN  [Thread-1] root: null pointer of user exception 
2014-09-11 23:04:39,727 WARN  [Thread-1] root: null pointer of user exception 
2014-09-11 23:04:40,195 WARN  [Thread-1] root: null pointer of user warning 
2014-09-11 23:04:40,195 WARN  [Thread-1] root: null pointer of user warning 
2014-09-11 23:04:40,195 WARN  [Thread-1] root: null pointer of user warning 
2014-09-11 23:04:40,195 WARN  [Thread-1] root: null pointer of user exception 
2014-09-11 23:04:40,195 WARN  [Thread-1] root: null pointer of user exception 
2014-09-11 23:04:40,195 WARN  [Thread-1] root: null pointer of user exception 
2014-09-11 23:04:40,664 WARN  [Thread-1] root: null pointer of user warning 
2014-09-11 23:04:40,664 WARN  [Thread-1] root: null pointer of user warning 
2014-09-11 23:04:40,664 WARN  [Thread-1] root: null pointer of user warning 
2014-09-11 23:04:40,665 WARN  [Thread-1] root: null pointer of user exception 
2014-09-11 23:04:40,665 WARN  [Thread-1] root: null pointer of user exception 
2014-09-11 23:04:40,665 WARN  [Thread-1] root: null pointer of user exception 
2014-09-11 23:04:41,177 WARN  [Thread-1] root: null pointer of user warning 
2014-09-11 23:04:41,177 WARN  [Thread-1] root: null pointer of user warning 
2014-09-11 23:04:41,177 WARN  [Thread-1] root: null pointer of user warning 
2014-09-11 23:04:41,177 WARN  [Thread-1] root: null pointer of user exception 
2014-09-11 23:04:41,177 WARN  [Thread-1] root: null pointer of user exception 
2014-09-11 23:04:41,177 WARN  [Thread-1] root: null pointer of user exception 
2014-09-11 23:04:41,722 WARN  [Thread-1] root: null pointer of user warning 
2014-09-11 23:04:41,722 WARN  [Thread-1] root: null pointer of user warning 
2014-09-11 23:04:41,722 WARN  [Thread-1] root: null pointer of user warning 
2014-09-11 23:04:41,722 WARN  [Thread-1] root: null pointer of user exception 
2014-09-11 23:04:41,722 WARN  [Thread-1] root: null pointer of user exception 
2014-09-11 23:04:41,722 WARN  [Thread-1] root: null pointer of user exception 
2014-09-11 23:04:42,181 WARN  [Thread-1] root: null pointer of user warning 
2014-09-11 23:04:42,181 WARN  [Thread-1] root: null pointer of user warning 
2014-09-11 23:04:42,181 WARN  [Thread-1] root: null pointer of user warning 
2014-09-11 23:04:42,181 WARN  [Thread-1] root: null pointer of user exception 
2014-09-11 23:04:42,181 WARN  [Thread-1] root: null pointer of user exception 
2014-09-11 23:04:42,181 WARN  [Thread-1] root: null pointer of user exception 
2014-09-11 23:04:42,642 WARN  [Thread-1] root: null pointer of user warning 
2014-09-11 23:04:42,642 WARN  [Thread-1] root: null pointer of user warning 
2014-09-11 23:04:42,642 WARN  [Thread-1] root: null pointer of user warning 
2014-09-11 23:04:42,642 WARN  [Thread-1] root: null pointer of user exception 
2014-09-11 23:04:42,642 WARN  [Thread-1] root: null pointer of user exception 
2014-09-11 23:04:42,642 WARN  [Thread-1] root: null pointer of user exception 
2014-09-11 23:04:43,150 WARN  [Thread-1] root: null pointer of user warning 
2014-09-11 23:04:43,150 WARN  [Thread-1] root: null pointer of user warning 
2014-09-11 23:04:43,150 WARN  [Thread-1] root: null pointer of user warning 
2014-09-11 23:04:43,151 WARN  [Thread-1] root: null pointer of user exception 
2014-09-11 23:04:43,151 WARN  [Thread-1] root: null pointer of user exception 
2014-09-11 23:04:43,151 WARN  [Thread-1] root: null pointer of user exception 
2014-09-11 23:04:43,618 WARN  [Thread-1] root: null pointer of user warning 
2014-09-11 23:04:43,618 WARN  [Thread-1] root: null pointer of user warning 
2014-09-11 23:04:43,618 WARN  [Thread-1] root: null pointer of user warning 
2014-09-11 23:04:43,619 WARN  [Thread-1] root: null pointer of user exception 
2014-09-11 23:04:43,619 WARN  [Thread-1] root: null pointer of user exception 
2014-09-11 23:04:43,619 WARN  [Thread-1] root: null pointer of user exception 
2014-09-11 23:04:44,080 WARN  [Thread-1] root: null pointer of user warning 
2014-09-11 23:04:44,080 WARN  [Thread-1] root: null pointer of user warning 
2014-09-11 23:04:44,080 WARN  [Thread-1] root: null pointer of user warning 
2014-09-11 23:04:44,081 WARN  [Thread-1] root: null pointer of user exception 
2014-09-11 23:04:44,081 WARN  [Thread-1] root: null pointer of user exception 
2014-09-11 23:04:44,081 WARN  [Thread-1] root: null pointer of user exception 
2014-09-11 23:04:44,545 WARN  [Thread-1] root: null pointer of user warning 
2014-09-11 23:04:44,545 WARN  [Thread-1] root: null pointer of user warning 
2014-09-11 23:04:44,545 WARN  [Thread-1] root: null pointer of user warning 
2014-09-11 23:04:44,547 WARN  [Thread-1] root: null pointer of user exception 
2014-09-11 23:04:44,547 WARN  [Thread-1] root: null pointer of user exception 
2014-09-11 23:04:44,547 WARN  [Thread-1] root: null pointer of user exception 
2014-09-11 23:04:45,027 WARN  [Thread-1] root: null pointer of user warning 
2014-09-11 23:04:45,027 WARN  [Thread-1] root: null pointer of user warning 
2014-09-11 23:04:45,027 WARN  [Thread-1] root: null pointer of user warning 
2014-09-11 23:04:45,027 WARN  [Thread-1] root: null pointer of user exception 
2014-09-11 23:04:45,027 WARN  [Thread-1] root: null pointer of user exception 
2014-09-11 23:04:45,027 WARN  [Thread-1] root: null pointer of user exception 
2014-09-11 23:04:45,632 WARN  [Thread-1] root: null pointer of user warning 
2014-09-11 23:04:45,632 WARN  [Thread-1] root: null pointer of user warning 
2014-09-11 23:04:45,632 WARN  [Thread-1] root: null pointer of user warning 
2014-09-11 23:04:45,632 WARN  [Thread-1] root: null pointer of user exception 
2014-09-11 23:04:45,632 WARN  [Thread-1] root: null pointer of user exception 
2014-09-11 23:04:45,632 WARN  [Thread-1] root: null pointer of user exception 
2014-09-11 23:04:46,110 WARN  [Thread-1] root: null pointer of user warning 
2014-09-11 23:04:46,110 WARN  [Thread-1] root: null pointer of user warning 
2014-09-11 23:04:46,110 WARN  [Thread-1] root: null pointer of user warning 
2014-09-11 23:04:46,111 WARN  [Thread-1] root: null pointer of user exception 
2014-09-11 23:04:46,111 WARN  [Thread-1] root: null pointer of user exception 
2014-09-11 23:04:46,111 WARN  [Thread-1] root: null pointer of user exception 
2014-09-11 23:04:46,621 WARN  [Thread-1] root: null pointer of user warning 
2014-09-11 23:04:46,621 WARN  [Thread-1] root: null pointer of user warning 
2014-09-11 23:04:46,621 WARN  [Thread-1] root: null pointer of user warning 
2014-09-11 23:04:46,621 WARN  [Thread-1] root: null pointer of user exception 
2014-09-11 23:04:46,621 WARN  [Thread-1] root: null pointer of user exception 
2014-09-11 23:04:46,621 WARN  [Thread-1] root: null pointer of user exception 
2014-09-11 23:04:47,116 WARN  [Thread-1] root: null pointer of user warning 
2014-09-11 23:04:47,116 WARN  [Thread-1] root: null pointer of user warning 
2014-09-11 23:04:47,116 WARN  [Thread-1] root: null pointer of user warning 
2014-09-11 23:04:47,117 WARN  [Thread-1] root: null pointer of user exception 
2014-09-11 23:04:47,117 WARN  [Thread-1] root: null pointer of user exception 
2014-09-11 23:04:47,117 WARN  [Thread-1] root: null pointer of user exception 
2014-09-11 23:04:47,602 WARN  [Thread-1] root: null pointer of user warning 
2014-09-11 23:04:47,602 WARN  [Thread-1] root: null pointer of user warning 
2014-09-11 23:04:47,602 WARN  [Thread-1] root: null pointer of user warning 
2014-09-11 23:04:47,603 WARN  [Thread-1] root: null pointer of user exception 
2014-09-11 23:04:47,603 WARN  [Thread-1] root: null pointer of user exception 
2014-09-11 23:04:47,603 WARN  [Thread-1] root: null pointer of user exception 
2014-09-11 23:04:48,072 WARN  [Thread-1] root: null pointer of user warning 
2014-09-11 23:04:48,072 WARN  [Thread-1] root: null pointer of user warning 
2014-09-11 23:04:48,072 WARN  [Thread-1] root: null pointer of user warning 
2014-09-11 23:04:48,073 WARN  [Thread-1] root: null pointer of user exception 
2014-09-11 23:04:48,073 WARN  [Thread-1] root: null pointer of user exception 
2014-09-11 23:04:48,073 WARN  [Thread-1] root: null pointer of user exception 
2014-09-11 23:04:48,563 WARN  [Thread-1] root: null pointer of user warning 
2014-09-11 23:04:48,563 WARN  [Thread-1] root: null pointer of user warning 
2014-09-11 23:04:48,563 WARN  [Thread-1] root: null pointer of user warning 
2014-09-11 23:04:48,563 WARN  [Thread-1] root: null pointer of user exception 
2014-09-11 23:04:48,563 WARN  [Thread-1] root: null pointer of user exception 
2014-09-11 23:04:48,563 WARN  [Thread-1] root: null pointer of user exception 
2014-09-11 23:04:48,563 INFO  [Thread-1] root: most influencers end :1410456888563
2014-09-11 23:04:48,563 INFO  [Thread-1] root: most influencers end :1410456888563
2014-09-11 23:04:48,563 INFO  [Thread-1] root: most influencers end :1410456888563
2014-09-11 23:04:48,564 INFO  [Thread-1] root: process completed
2014-09-11 23:04:48,564 INFO  [Thread-1] root: process completed
2014-09-11 23:04:48,564 INFO  [Thread-1] root: process completed
