processing is start
start main method :1410417578340
GeoLocation class run method start :1410417578346
GeoLocation class run method start :1410417578346
start main method :1410417578347
start main method :1410417578347
most influencers start :1410417578347
most influencers start :1410417578347
most influencers start :1410417578347
io warning 
io warning 
io warning 
io exception 
io exception 
io exception 
null pointer of klout id warning 
null pointer of klout id warning 
null pointer of klout id warning 
null pointer of klout id exception 
null pointer of klout id exception 
null pointer of klout id exception 
user file has written completely
user file has written completely
user file has written completely
geoLocation file has written completely
geoLocation file has written completely
geoLocation file has written completely
GeoLocation class run method end :1410417602725
GeoLocation class run method end :1410417602725
GeoLocation class run method end :1410417602725
most influencers end :1410417656072
most influencers end :1410417656072
most influencers end :1410417656072
process completed
process completed
process completed
processing is start
start main method :1410417672750
GeoLocation class run method start :1410417672756
GeoLocation class run method start :1410417672756
start main method :1410417672757
start main method :1410417672757
most influencers start :1410417672757
most influencers start :1410417672757
most influencers start :1410417672757
io warning 
io warning 
io warning 
io exception 
io exception 
io exception 
null pointer of klout id warning 
null pointer of klout id warning 
null pointer of klout id warning 
null pointer of klout id exception 
null pointer of klout id exception 
null pointer of klout id exception 
user file has written completely
user file has written completely
user file has written completely
geoLocation file has written completely
geoLocation file has written completely
geoLocation file has written completely
GeoLocation class run method end :1410417696886
GeoLocation class run method end :1410417696886
GeoLocation class run method end :1410417696886
Twitter warning 
Twitter warning 
Twitter warning 
Twitter exception 
Twitter exception 
Twitter exception 
Twitter warning 
Twitter warning 
Twitter warning 
Twitter exception 
Twitter exception 
Twitter exception 
Twitter warning 
Twitter warning 
Twitter warning 
Twitter exception 
Twitter exception 
Twitter exception 
Twitter warning 
Twitter warning 
Twitter warning 
Twitter exception 
Twitter exception 
Twitter exception 
Twitter warning 
Twitter warning 
Twitter warning 
Twitter exception 
Twitter exception 
Twitter exception 
Twitter warning 
Twitter warning 
Twitter warning 
Twitter exception 
Twitter exception 
Twitter exception 
Twitter warning 
Twitter warning 
Twitter warning 
Twitter exception 
Twitter exception 
Twitter exception 
Twitter warning 
Twitter warning 
Twitter warning 
Twitter exception 
Twitter exception 
Twitter exception 
most influencers end :1410417731996
most influencers end :1410417731996
most influencers end :1410417731996
process completed
process completed
process completed
