2014-09-15 13:21:16,982 INFO  [main] root: processing is start
2014-09-15 13:21:16,983 INFO  [main] root: start main method :1410767476983
2014-09-15 13:21:16,989 INFO  [main] root: start main method :1410767476989
2014-09-15 13:21:16,992 INFO  [Thread-1] root: most influencers start :1410767476992
2014-09-15 13:21:16,992 INFO  [Thread-1] root: most influencers start :1410767476992
2014-09-15 13:21:16,992 INFO  [Thread-1] root: most influencers start :1410767476992
2014-09-15 13:21:16,993 INFO  [Thread-0] root: GeoLocation class run method start :1410767476993
2014-09-15 13:21:16,993 INFO  [Thread-0] root: GeoLocation class run method start :1410767476993
2014-09-15 13:21:16,993 INFO  [Thread-0] root: GeoLocation class run method start :1410767476993
2014-09-15 13:21:20,064 WARN  [Thread-0] root: null pointer  warning
2014-09-15 13:21:20,064 WARN  [Thread-0] root: null pointer  warning
2014-09-15 13:21:20,064 WARN  [Thread-0] root: null pointer  warning
2014-09-15 13:21:20,064 WARN  [Thread-0] root: null pointer exception exception
2014-09-15 13:21:20,064 WARN  [Thread-0] root: null pointer exception exception
2014-09-15 13:21:20,064 WARN  [Thread-0] root: null pointer exception exception
2014-09-15 13:21:20,064 INFO  [Thread-0] root: GeoLocation class run method end :1410767480064
2014-09-15 13:21:20,064 INFO  [Thread-0] root: GeoLocation class run method end :1410767480064
2014-09-15 13:21:20,064 INFO  [Thread-0] root: GeoLocation class run method end :1410767480064
2014-09-15 13:21:32,729 WARN  [Thread-1] root: io warning 
2014-09-15 13:21:32,729 WARN  [Thread-1] root: io warning 
2014-09-15 13:21:32,729 WARN  [Thread-1] root: io warning 
2014-09-15 13:21:32,730 WARN  [Thread-1] root: io exception 
2014-09-15 13:21:32,730 WARN  [Thread-1] root: io exception 
2014-09-15 13:21:32,730 WARN  [Thread-1] root: io exception 
2014-09-15 13:21:32,730 WARN  [Thread-1] root: null pointer of klout id warning 
2014-09-15 13:21:32,730 WARN  [Thread-1] root: null pointer of klout id warning 
2014-09-15 13:21:32,730 WARN  [Thread-1] root: null pointer of klout id warning 
2014-09-15 13:21:32,730 WARN  [Thread-1] root: null pointer of klout id exception 
2014-09-15 13:21:32,730 WARN  [Thread-1] root: null pointer of klout id exception 
2014-09-15 13:21:32,730 WARN  [Thread-1] root: null pointer of klout id exception 
2014-09-15 13:21:50,212 WARN  [Thread-1] root: null pointer of user warning 
2014-09-15 13:21:50,212 WARN  [Thread-1] root: null pointer of user warning 
2014-09-15 13:21:50,212 WARN  [Thread-1] root: null pointer of user warning 
2014-09-15 13:21:50,212 WARN  [Thread-1] root: null pointer of user exception 
2014-09-15 13:21:50,212 WARN  [Thread-1] root: null pointer of user exception 
2014-09-15 13:21:50,212 WARN  [Thread-1] root: null pointer of user exception 
2014-09-15 13:21:50,601 WARN  [Thread-1] root: null pointer of user warning 
2014-09-15 13:21:50,601 WARN  [Thread-1] root: null pointer of user warning 
2014-09-15 13:21:50,601 WARN  [Thread-1] root: null pointer of user warning 
2014-09-15 13:21:50,602 WARN  [Thread-1] root: null pointer of user exception 
2014-09-15 13:21:50,602 WARN  [Thread-1] root: null pointer of user exception 
2014-09-15 13:21:50,602 WARN  [Thread-1] root: null pointer of user exception 
2014-09-15 13:21:50,989 WARN  [Thread-1] root: null pointer of user warning 
2014-09-15 13:21:50,989 WARN  [Thread-1] root: null pointer of user warning 
2014-09-15 13:21:50,989 WARN  [Thread-1] root: null pointer of user warning 
2014-09-15 13:21:50,989 WARN  [Thread-1] root: null pointer of user exception 
2014-09-15 13:21:50,989 WARN  [Thread-1] root: null pointer of user exception 
2014-09-15 13:21:50,989 WARN  [Thread-1] root: null pointer of user exception 
2014-09-15 13:21:53,471 WARN  [Thread-1] root: null pointer of user warning 
2014-09-15 13:21:53,471 WARN  [Thread-1] root: null pointer of user warning 
2014-09-15 13:21:53,471 WARN  [Thread-1] root: null pointer of user warning 
2014-09-15 13:21:53,471 WARN  [Thread-1] root: null pointer of user exception 
2014-09-15 13:21:53,471 WARN  [Thread-1] root: null pointer of user exception 
2014-09-15 13:21:53,471 WARN  [Thread-1] root: null pointer of user exception 
2014-09-15 13:21:53,856 WARN  [Thread-1] root: null pointer of user warning 
2014-09-15 13:21:53,856 WARN  [Thread-1] root: null pointer of user warning 
2014-09-15 13:21:53,856 WARN  [Thread-1] root: null pointer of user warning 
2014-09-15 13:21:53,856 WARN  [Thread-1] root: null pointer of user exception 
2014-09-15 13:21:53,856 WARN  [Thread-1] root: null pointer of user exception 
2014-09-15 13:21:53,856 WARN  [Thread-1] root: null pointer of user exception 
2014-09-15 13:21:54,263 WARN  [Thread-1] root: null pointer of user warning 
2014-09-15 13:21:54,263 WARN  [Thread-1] root: null pointer of user warning 
2014-09-15 13:21:54,263 WARN  [Thread-1] root: null pointer of user warning 
2014-09-15 13:21:54,263 WARN  [Thread-1] root: null pointer of user exception 
2014-09-15 13:21:54,263 WARN  [Thread-1] root: null pointer of user exception 
2014-09-15 13:21:54,263 WARN  [Thread-1] root: null pointer of user exception 
2014-09-15 13:21:56,456 WARN  [Thread-1] root: null pointer of user warning 
2014-09-15 13:21:56,456 WARN  [Thread-1] root: null pointer of user warning 
2014-09-15 13:21:56,456 WARN  [Thread-1] root: null pointer of user warning 
2014-09-15 13:21:56,456 WARN  [Thread-1] root: null pointer of user exception 
2014-09-15 13:21:56,456 WARN  [Thread-1] root: null pointer of user exception 
2014-09-15 13:21:56,456 WARN  [Thread-1] root: null pointer of user exception 
2014-09-15 13:21:56,847 WARN  [Thread-1] root: null pointer of user warning 
2014-09-15 13:21:56,847 WARN  [Thread-1] root: null pointer of user warning 
2014-09-15 13:21:56,847 WARN  [Thread-1] root: null pointer of user warning 
2014-09-15 13:21:56,848 WARN  [Thread-1] root: null pointer of user exception 
2014-09-15 13:21:56,848 WARN  [Thread-1] root: null pointer of user exception 
2014-09-15 13:21:56,848 WARN  [Thread-1] root: null pointer of user exception 
2014-09-15 13:21:57,238 WARN  [Thread-1] root: null pointer of user warning 
2014-09-15 13:21:57,238 WARN  [Thread-1] root: null pointer of user warning 
2014-09-15 13:21:57,238 WARN  [Thread-1] root: null pointer of user warning 
2014-09-15 13:21:57,238 WARN  [Thread-1] root: null pointer of user exception 
2014-09-15 13:21:57,238 WARN  [Thread-1] root: null pointer of user exception 
2014-09-15 13:21:57,238 WARN  [Thread-1] root: null pointer of user exception 
2014-09-15 13:21:59,316 WARN  [Thread-1] root: null pointer of user warning 
2014-09-15 13:21:59,316 WARN  [Thread-1] root: null pointer of user warning 
2014-09-15 13:21:59,316 WARN  [Thread-1] root: null pointer of user warning 
2014-09-15 13:21:59,317 WARN  [Thread-1] root: null pointer of user exception 
2014-09-15 13:21:59,317 WARN  [Thread-1] root: null pointer of user exception 
2014-09-15 13:21:59,317 WARN  [Thread-1] root: null pointer of user exception 
2014-09-15 13:21:59,697 WARN  [Thread-1] root: null pointer of user warning 
2014-09-15 13:21:59,697 WARN  [Thread-1] root: null pointer of user warning 
2014-09-15 13:21:59,697 WARN  [Thread-1] root: null pointer of user warning 
2014-09-15 13:21:59,698 WARN  [Thread-1] root: null pointer of user exception 
2014-09-15 13:21:59,698 WARN  [Thread-1] root: null pointer of user exception 
2014-09-15 13:21:59,698 WARN  [Thread-1] root: null pointer of user exception 
2014-09-15 13:22:00,079 WARN  [Thread-1] root: null pointer of user warning 
2014-09-15 13:22:00,079 WARN  [Thread-1] root: null pointer of user warning 
2014-09-15 13:22:00,079 WARN  [Thread-1] root: null pointer of user warning 
2014-09-15 13:22:00,079 WARN  [Thread-1] root: null pointer of user exception 
2014-09-15 13:22:00,079 WARN  [Thread-1] root: null pointer of user exception 
2014-09-15 13:22:00,079 WARN  [Thread-1] root: null pointer of user exception 
2014-09-15 13:22:01,007 WARN  [Thread-1] root: null pointer of user warning 
2014-09-15 13:22:01,007 WARN  [Thread-1] root: null pointer of user warning 
2014-09-15 13:22:01,007 WARN  [Thread-1] root: null pointer of user warning 
2014-09-15 13:22:01,007 WARN  [Thread-1] root: null pointer of user exception 
2014-09-15 13:22:01,007 WARN  [Thread-1] root: null pointer of user exception 
2014-09-15 13:22:01,007 WARN  [Thread-1] root: null pointer of user exception 
2014-09-15 13:22:01,503 WARN  [Thread-1] root: null pointer of user warning 
2014-09-15 13:22:01,503 WARN  [Thread-1] root: null pointer of user warning 
2014-09-15 13:22:01,503 WARN  [Thread-1] root: null pointer of user warning 
2014-09-15 13:22:01,504 WARN  [Thread-1] root: null pointer of user exception 
2014-09-15 13:22:01,504 WARN  [Thread-1] root: null pointer of user exception 
2014-09-15 13:22:01,504 WARN  [Thread-1] root: null pointer of user exception 
2014-09-15 13:22:01,893 WARN  [Thread-1] root: null pointer of user warning 
2014-09-15 13:22:01,893 WARN  [Thread-1] root: null pointer of user warning 
2014-09-15 13:22:01,893 WARN  [Thread-1] root: null pointer of user warning 
2014-09-15 13:22:01,893 WARN  [Thread-1] root: null pointer of user exception 
2014-09-15 13:22:01,893 WARN  [Thread-1] root: null pointer of user exception 
2014-09-15 13:22:01,893 WARN  [Thread-1] root: null pointer of user exception 
2014-09-15 13:22:02,256 WARN  [Thread-1] root: Twitter warning 
2014-09-15 13:22:02,256 WARN  [Thread-1] root: Twitter warning 
2014-09-15 13:22:02,256 WARN  [Thread-1] root: Twitter warning 
2014-09-15 13:22:02,256 WARN  [Thread-1] root: Twitter exception 
2014-09-15 13:22:02,256 WARN  [Thread-1] root: Twitter exception 
2014-09-15 13:22:02,256 WARN  [Thread-1] root: Twitter exception 
2014-09-15 13:22:02,625 WARN  [Thread-1] root: null pointer of user warning 
2014-09-15 13:22:02,625 WARN  [Thread-1] root: null pointer of user warning 
2014-09-15 13:22:02,625 WARN  [Thread-1] root: null pointer of user warning 
2014-09-15 13:22:02,625 WARN  [Thread-1] root: null pointer of user exception 
2014-09-15 13:22:02,625 WARN  [Thread-1] root: null pointer of user exception 
2014-09-15 13:22:02,625 WARN  [Thread-1] root: null pointer of user exception 
2014-09-15 13:22:03,054 WARN  [Thread-1] root: null pointer of user warning 
2014-09-15 13:22:03,054 WARN  [Thread-1] root: null pointer of user warning 
2014-09-15 13:22:03,054 WARN  [Thread-1] root: null pointer of user warning 
2014-09-15 13:22:03,055 WARN  [Thread-1] root: null pointer of user exception 
2014-09-15 13:22:03,055 WARN  [Thread-1] root: null pointer of user exception 
2014-09-15 13:22:03,055 WARN  [Thread-1] root: null pointer of user exception 
2014-09-15 13:22:03,437 WARN  [Thread-1] root: null pointer of user warning 
2014-09-15 13:22:03,437 WARN  [Thread-1] root: null pointer of user warning 
2014-09-15 13:22:03,437 WARN  [Thread-1] root: null pointer of user warning 
2014-09-15 13:22:03,437 WARN  [Thread-1] root: null pointer of user exception 
2014-09-15 13:22:03,437 WARN  [Thread-1] root: null pointer of user exception 
2014-09-15 13:22:03,437 WARN  [Thread-1] root: null pointer of user exception 
2014-09-15 13:22:03,827 WARN  [Thread-1] root: null pointer of user warning 
2014-09-15 13:22:03,827 WARN  [Thread-1] root: null pointer of user warning 
2014-09-15 13:22:03,827 WARN  [Thread-1] root: null pointer of user warning 
2014-09-15 13:22:03,828 WARN  [Thread-1] root: null pointer of user exception 
2014-09-15 13:22:03,828 WARN  [Thread-1] root: null pointer of user exception 
2014-09-15 13:22:03,828 WARN  [Thread-1] root: null pointer of user exception 
2014-09-15 13:22:04,208 WARN  [Thread-1] root: null pointer of user warning 
2014-09-15 13:22:04,208 WARN  [Thread-1] root: null pointer of user warning 
2014-09-15 13:22:04,208 WARN  [Thread-1] root: null pointer of user warning 
2014-09-15 13:22:04,209 WARN  [Thread-1] root: null pointer of user exception 
2014-09-15 13:22:04,209 WARN  [Thread-1] root: null pointer of user exception 
2014-09-15 13:22:04,209 WARN  [Thread-1] root: null pointer of user exception 
2014-09-15 13:22:04,599 WARN  [Thread-1] root: null pointer of user warning 
2014-09-15 13:22:04,599 WARN  [Thread-1] root: null pointer of user warning 
2014-09-15 13:22:04,599 WARN  [Thread-1] root: null pointer of user warning 
2014-09-15 13:22:04,599 WARN  [Thread-1] root: null pointer of user exception 
2014-09-15 13:22:04,599 WARN  [Thread-1] root: null pointer of user exception 
2014-09-15 13:22:04,599 WARN  [Thread-1] root: null pointer of user exception 
2014-09-15 13:22:04,976 WARN  [Thread-1] root: null pointer of user warning 
2014-09-15 13:22:04,976 WARN  [Thread-1] root: null pointer of user warning 
2014-09-15 13:22:04,976 WARN  [Thread-1] root: null pointer of user warning 
2014-09-15 13:22:04,976 WARN  [Thread-1] root: null pointer of user exception 
2014-09-15 13:22:04,976 WARN  [Thread-1] root: null pointer of user exception 
2014-09-15 13:22:04,976 WARN  [Thread-1] root: null pointer of user exception 
2014-09-15 13:22:05,358 WARN  [Thread-1] root: null pointer of user warning 
2014-09-15 13:22:05,358 WARN  [Thread-1] root: null pointer of user warning 
2014-09-15 13:22:05,358 WARN  [Thread-1] root: null pointer of user warning 
2014-09-15 13:22:05,358 WARN  [Thread-1] root: null pointer of user exception 
2014-09-15 13:22:05,358 WARN  [Thread-1] root: null pointer of user exception 
2014-09-15 13:22:05,358 WARN  [Thread-1] root: null pointer of user exception 
2014-09-15 13:22:05,758 WARN  [Thread-1] root: null pointer of user warning 
2014-09-15 13:22:05,758 WARN  [Thread-1] root: null pointer of user warning 
2014-09-15 13:22:05,758 WARN  [Thread-1] root: null pointer of user warning 
2014-09-15 13:22:05,758 WARN  [Thread-1] root: null pointer of user exception 
2014-09-15 13:22:05,758 WARN  [Thread-1] root: null pointer of user exception 
2014-09-15 13:22:05,758 WARN  [Thread-1] root: null pointer of user exception 
2014-09-15 13:22:06,137 WARN  [Thread-1] root: null pointer of user warning 
2014-09-15 13:22:06,137 WARN  [Thread-1] root: null pointer of user warning 
2014-09-15 13:22:06,137 WARN  [Thread-1] root: null pointer of user warning 
2014-09-15 13:22:06,138 WARN  [Thread-1] root: null pointer of user exception 
2014-09-15 13:22:06,138 WARN  [Thread-1] root: null pointer of user exception 
2014-09-15 13:22:06,138 WARN  [Thread-1] root: null pointer of user exception 
2014-09-15 13:22:06,515 WARN  [Thread-1] root: null pointer of user warning 
2014-09-15 13:22:06,515 WARN  [Thread-1] root: null pointer of user warning 
2014-09-15 13:22:06,515 WARN  [Thread-1] root: null pointer of user warning 
2014-09-15 13:22:06,515 WARN  [Thread-1] root: null pointer of user exception 
2014-09-15 13:22:06,515 WARN  [Thread-1] root: null pointer of user exception 
2014-09-15 13:22:06,515 WARN  [Thread-1] root: null pointer of user exception 
2014-09-15 13:22:06,896 WARN  [Thread-1] root: null pointer of user warning 
2014-09-15 13:22:06,896 WARN  [Thread-1] root: null pointer of user warning 
2014-09-15 13:22:06,896 WARN  [Thread-1] root: null pointer of user warning 
2014-09-15 13:22:06,897 WARN  [Thread-1] root: null pointer of user exception 
2014-09-15 13:22:06,897 WARN  [Thread-1] root: null pointer of user exception 
2014-09-15 13:22:06,897 WARN  [Thread-1] root: null pointer of user exception 
2014-09-15 13:22:07,284 WARN  [Thread-1] root: null pointer of user warning 
2014-09-15 13:22:07,284 WARN  [Thread-1] root: null pointer of user warning 
2014-09-15 13:22:07,284 WARN  [Thread-1] root: null pointer of user warning 
2014-09-15 13:22:07,284 WARN  [Thread-1] root: null pointer of user exception 
2014-09-15 13:22:07,284 WARN  [Thread-1] root: null pointer of user exception 
2014-09-15 13:22:07,284 WARN  [Thread-1] root: null pointer of user exception 
2014-09-15 13:22:07,667 WARN  [Thread-1] root: null pointer of user warning 
2014-09-15 13:22:07,667 WARN  [Thread-1] root: null pointer of user warning 
2014-09-15 13:22:07,667 WARN  [Thread-1] root: null pointer of user warning 
2014-09-15 13:22:07,667 WARN  [Thread-1] root: null pointer of user exception 
2014-09-15 13:22:07,667 WARN  [Thread-1] root: null pointer of user exception 
2014-09-15 13:22:07,667 WARN  [Thread-1] root: null pointer of user exception 
2014-09-15 13:22:08,045 WARN  [Thread-1] root: null pointer of user warning 
2014-09-15 13:22:08,045 WARN  [Thread-1] root: null pointer of user warning 
2014-09-15 13:22:08,045 WARN  [Thread-1] root: null pointer of user warning 
2014-09-15 13:22:08,045 WARN  [Thread-1] root: null pointer of user exception 
2014-09-15 13:22:08,045 WARN  [Thread-1] root: null pointer of user exception 
2014-09-15 13:22:08,045 WARN  [Thread-1] root: null pointer of user exception 
2014-09-15 13:22:08,424 WARN  [Thread-1] root: null pointer of user warning 
2014-09-15 13:22:08,424 WARN  [Thread-1] root: null pointer of user warning 
2014-09-15 13:22:08,424 WARN  [Thread-1] root: null pointer of user warning 
2014-09-15 13:22:08,425 WARN  [Thread-1] root: null pointer of user exception 
2014-09-15 13:22:08,425 WARN  [Thread-1] root: null pointer of user exception 
2014-09-15 13:22:08,425 WARN  [Thread-1] root: null pointer of user exception 
2014-09-15 13:22:08,808 WARN  [Thread-1] root: null pointer of user warning 
2014-09-15 13:22:08,808 WARN  [Thread-1] root: null pointer of user warning 
2014-09-15 13:22:08,808 WARN  [Thread-1] root: null pointer of user warning 
2014-09-15 13:22:08,809 WARN  [Thread-1] root: null pointer of user exception 
2014-09-15 13:22:08,809 WARN  [Thread-1] root: null pointer of user exception 
2014-09-15 13:22:08,809 WARN  [Thread-1] root: null pointer of user exception 
2014-09-15 13:22:09,196 WARN  [Thread-1] root: null pointer of user warning 
2014-09-15 13:22:09,196 WARN  [Thread-1] root: null pointer of user warning 
2014-09-15 13:22:09,196 WARN  [Thread-1] root: null pointer of user warning 
2014-09-15 13:22:09,197 WARN  [Thread-1] root: null pointer of user exception 
2014-09-15 13:22:09,197 WARN  [Thread-1] root: null pointer of user exception 
2014-09-15 13:22:09,197 WARN  [Thread-1] root: null pointer of user exception 
2014-09-15 13:22:09,577 WARN  [Thread-1] root: null pointer of user warning 
2014-09-15 13:22:09,577 WARN  [Thread-1] root: null pointer of user warning 
2014-09-15 13:22:09,577 WARN  [Thread-1] root: null pointer of user warning 
2014-09-15 13:22:09,577 WARN  [Thread-1] root: null pointer of user exception 
2014-09-15 13:22:09,577 WARN  [Thread-1] root: null pointer of user exception 
2014-09-15 13:22:09,577 WARN  [Thread-1] root: null pointer of user exception 
2014-09-15 13:22:09,958 WARN  [Thread-1] root: null pointer of user warning 
2014-09-15 13:22:09,958 WARN  [Thread-1] root: null pointer of user warning 
2014-09-15 13:22:09,958 WARN  [Thread-1] root: null pointer of user warning 
2014-09-15 13:22:09,958 WARN  [Thread-1] root: null pointer of user exception 
2014-09-15 13:22:09,958 WARN  [Thread-1] root: null pointer of user exception 
2014-09-15 13:22:09,958 WARN  [Thread-1] root: null pointer of user exception 
2014-09-15 13:22:10,318 WARN  [Thread-1] root: Twitter warning 
2014-09-15 13:22:10,318 WARN  [Thread-1] root: Twitter warning 
2014-09-15 13:22:10,318 WARN  [Thread-1] root: Twitter warning 
2014-09-15 13:22:10,318 WARN  [Thread-1] root: Twitter exception 
2014-09-15 13:22:10,318 WARN  [Thread-1] root: Twitter exception 
2014-09-15 13:22:10,318 WARN  [Thread-1] root: Twitter exception 
2014-09-15 13:22:10,668 WARN  [Thread-1] root: Twitter warning 
2014-09-15 13:22:10,668 WARN  [Thread-1] root: Twitter warning 
2014-09-15 13:22:10,668 WARN  [Thread-1] root: Twitter warning 
2014-09-15 13:22:10,669 WARN  [Thread-1] root: Twitter exception 
2014-09-15 13:22:10,669 WARN  [Thread-1] root: Twitter exception 
2014-09-15 13:22:10,669 WARN  [Thread-1] root: Twitter exception 
2014-09-15 13:22:11,024 WARN  [Thread-1] root: Twitter warning 
2014-09-15 13:22:11,024 WARN  [Thread-1] root: Twitter warning 
2014-09-15 13:22:11,024 WARN  [Thread-1] root: Twitter warning 
2014-09-15 13:22:11,025 WARN  [Thread-1] root: Twitter exception 
2014-09-15 13:22:11,025 WARN  [Thread-1] root: Twitter exception 
2014-09-15 13:22:11,025 WARN  [Thread-1] root: Twitter exception 
2014-09-15 13:22:11,915 WARN  [Thread-1] root: Twitter warning 
2014-09-15 13:22:11,915 WARN  [Thread-1] root: Twitter warning 
2014-09-15 13:22:11,915 WARN  [Thread-1] root: Twitter warning 
2014-09-15 13:22:11,915 WARN  [Thread-1] root: Twitter exception 
2014-09-15 13:22:11,915 WARN  [Thread-1] root: Twitter exception 
2014-09-15 13:22:11,915 WARN  [Thread-1] root: Twitter exception 
2014-09-15 13:22:12,277 WARN  [Thread-1] root: Twitter warning 
2014-09-15 13:22:12,277 WARN  [Thread-1] root: Twitter warning 
2014-09-15 13:22:12,277 WARN  [Thread-1] root: Twitter warning 
2014-09-15 13:22:12,277 WARN  [Thread-1] root: Twitter exception 
2014-09-15 13:22:12,277 WARN  [Thread-1] root: Twitter exception 
2014-09-15 13:22:12,277 WARN  [Thread-1] root: Twitter exception 
2014-09-15 13:22:12,638 WARN  [Thread-1] root: Twitter warning 
2014-09-15 13:22:12,638 WARN  [Thread-1] root: Twitter warning 
2014-09-15 13:22:12,638 WARN  [Thread-1] root: Twitter warning 
2014-09-15 13:22:12,638 WARN  [Thread-1] root: Twitter exception 
2014-09-15 13:22:12,638 WARN  [Thread-1] root: Twitter exception 
2014-09-15 13:22:12,638 WARN  [Thread-1] root: Twitter exception 
2014-09-15 13:22:13,005 WARN  [Thread-1] root: Twitter warning 
2014-09-15 13:22:13,005 WARN  [Thread-1] root: Twitter warning 
2014-09-15 13:22:13,005 WARN  [Thread-1] root: Twitter warning 
2014-09-15 13:22:13,005 WARN  [Thread-1] root: Twitter exception 
2014-09-15 13:22:13,005 WARN  [Thread-1] root: Twitter exception 
2014-09-15 13:22:13,005 WARN  [Thread-1] root: Twitter exception 
2014-09-15 13:22:13,356 WARN  [Thread-1] root: Twitter warning 
2014-09-15 13:22:13,356 WARN  [Thread-1] root: Twitter warning 
2014-09-15 13:22:13,356 WARN  [Thread-1] root: Twitter warning 
2014-09-15 13:22:13,357 WARN  [Thread-1] root: Twitter exception 
2014-09-15 13:22:13,357 WARN  [Thread-1] root: Twitter exception 
2014-09-15 13:22:13,357 WARN  [Thread-1] root: Twitter exception 
2014-09-15 13:22:13,729 WARN  [Thread-1] root: Twitter warning 
2014-09-15 13:22:13,729 WARN  [Thread-1] root: Twitter warning 
2014-09-15 13:22:13,729 WARN  [Thread-1] root: Twitter warning 
2014-09-15 13:22:13,729 WARN  [Thread-1] root: Twitter exception 
2014-09-15 13:22:13,729 WARN  [Thread-1] root: Twitter exception 
2014-09-15 13:22:13,729 WARN  [Thread-1] root: Twitter exception 
2014-09-15 13:22:14,088 WARN  [Thread-1] root: Twitter warning 
2014-09-15 13:22:14,088 WARN  [Thread-1] root: Twitter warning 
2014-09-15 13:22:14,088 WARN  [Thread-1] root: Twitter warning 
2014-09-15 13:22:14,088 WARN  [Thread-1] root: Twitter exception 
2014-09-15 13:22:14,088 WARN  [Thread-1] root: Twitter exception 
2014-09-15 13:22:14,088 WARN  [Thread-1] root: Twitter exception 
2014-09-15 13:22:14,437 WARN  [Thread-1] root: Twitter warning 
2014-09-15 13:22:14,437 WARN  [Thread-1] root: Twitter warning 
2014-09-15 13:22:14,437 WARN  [Thread-1] root: Twitter warning 
2014-09-15 13:22:14,437 WARN  [Thread-1] root: Twitter exception 
2014-09-15 13:22:14,437 WARN  [Thread-1] root: Twitter exception 
2014-09-15 13:22:14,437 WARN  [Thread-1] root: Twitter exception 
2014-09-15 13:22:15,103 WARN  [Thread-1] root: Twitter warning 
2014-09-15 13:22:15,103 WARN  [Thread-1] root: Twitter warning 
2014-09-15 13:22:15,103 WARN  [Thread-1] root: Twitter warning 
2014-09-15 13:22:15,103 WARN  [Thread-1] root: Twitter exception 
2014-09-15 13:22:15,103 WARN  [Thread-1] root: Twitter exception 
2014-09-15 13:22:15,103 WARN  [Thread-1] root: Twitter exception 
2014-09-15 13:22:15,926 WARN  [Thread-1] root: Twitter warning 
2014-09-15 13:22:15,926 WARN  [Thread-1] root: Twitter warning 
2014-09-15 13:22:15,926 WARN  [Thread-1] root: Twitter warning 
2014-09-15 13:22:15,926 WARN  [Thread-1] root: Twitter exception 
2014-09-15 13:22:15,926 WARN  [Thread-1] root: Twitter exception 
2014-09-15 13:22:15,926 WARN  [Thread-1] root: Twitter exception 
2014-09-15 13:22:17,123 WARN  [Thread-1] root: Twitter warning 
2014-09-15 13:22:17,123 WARN  [Thread-1] root: Twitter warning 
2014-09-15 13:22:17,123 WARN  [Thread-1] root: Twitter warning 
2014-09-15 13:22:17,123 WARN  [Thread-1] root: Twitter exception 
2014-09-15 13:22:17,123 WARN  [Thread-1] root: Twitter exception 
2014-09-15 13:22:17,123 WARN  [Thread-1] root: Twitter exception 
2014-09-15 13:22:20,170 WARN  [Thread-1] root: Twitter warning 
2014-09-15 13:22:20,170 WARN  [Thread-1] root: Twitter warning 
2014-09-15 13:22:20,170 WARN  [Thread-1] root: Twitter warning 
2014-09-15 13:22:20,170 WARN  [Thread-1] root: Twitter exception 
2014-09-15 13:22:20,170 WARN  [Thread-1] root: Twitter exception 
2014-09-15 13:22:20,170 WARN  [Thread-1] root: Twitter exception 
2014-09-15 13:22:20,526 WARN  [Thread-1] root: Twitter warning 
2014-09-15 13:22:20,526 WARN  [Thread-1] root: Twitter warning 
2014-09-15 13:22:20,526 WARN  [Thread-1] root: Twitter warning 
2014-09-15 13:22:20,526 WARN  [Thread-1] root: Twitter exception 
2014-09-15 13:22:20,526 WARN  [Thread-1] root: Twitter exception 
2014-09-15 13:22:20,526 WARN  [Thread-1] root: Twitter exception 
2014-09-15 13:22:20,892 WARN  [Thread-1] root: Twitter warning 
2014-09-15 13:22:20,892 WARN  [Thread-1] root: Twitter warning 
2014-09-15 13:22:20,892 WARN  [Thread-1] root: Twitter warning 
2014-09-15 13:22:20,892 WARN  [Thread-1] root: Twitter exception 
2014-09-15 13:22:20,892 WARN  [Thread-1] root: Twitter exception 
2014-09-15 13:22:20,892 WARN  [Thread-1] root: Twitter exception 
2014-09-15 13:22:21,254 WARN  [Thread-1] root: Twitter warning 
2014-09-15 13:22:21,254 WARN  [Thread-1] root: Twitter warning 
2014-09-15 13:22:21,254 WARN  [Thread-1] root: Twitter warning 
2014-09-15 13:22:21,255 WARN  [Thread-1] root: Twitter exception 
2014-09-15 13:22:21,255 WARN  [Thread-1] root: Twitter exception 
2014-09-15 13:22:21,255 WARN  [Thread-1] root: Twitter exception 
2014-09-15 13:22:21,611 WARN  [Thread-1] root: Twitter warning 
2014-09-15 13:22:21,611 WARN  [Thread-1] root: Twitter warning 
2014-09-15 13:22:21,611 WARN  [Thread-1] root: Twitter warning 
2014-09-15 13:22:21,611 WARN  [Thread-1] root: Twitter exception 
2014-09-15 13:22:21,611 WARN  [Thread-1] root: Twitter exception 
2014-09-15 13:22:21,611 WARN  [Thread-1] root: Twitter exception 
2014-09-15 13:22:21,972 WARN  [Thread-1] root: Twitter warning 
2014-09-15 13:22:21,972 WARN  [Thread-1] root: Twitter warning 
2014-09-15 13:22:21,972 WARN  [Thread-1] root: Twitter warning 
2014-09-15 13:22:21,972 WARN  [Thread-1] root: Twitter exception 
2014-09-15 13:22:21,972 WARN  [Thread-1] root: Twitter exception 
2014-09-15 13:22:21,972 WARN  [Thread-1] root: Twitter exception 
2014-09-15 13:22:22,327 WARN  [Thread-1] root: Twitter warning 
2014-09-15 13:22:22,327 WARN  [Thread-1] root: Twitter warning 
2014-09-15 13:22:22,327 WARN  [Thread-1] root: Twitter warning 
2014-09-15 13:22:22,327 WARN  [Thread-1] root: Twitter exception 
2014-09-15 13:22:22,327 WARN  [Thread-1] root: Twitter exception 
2014-09-15 13:22:22,327 WARN  [Thread-1] root: Twitter exception 
2014-09-15 13:22:22,689 WARN  [Thread-1] root: Twitter warning 
2014-09-15 13:22:22,689 WARN  [Thread-1] root: Twitter warning 
2014-09-15 13:22:22,689 WARN  [Thread-1] root: Twitter warning 
2014-09-15 13:22:22,689 WARN  [Thread-1] root: Twitter exception 
2014-09-15 13:22:22,689 WARN  [Thread-1] root: Twitter exception 
2014-09-15 13:22:22,689 WARN  [Thread-1] root: Twitter exception 
2014-09-15 13:22:23,041 WARN  [Thread-1] root: Twitter warning 
2014-09-15 13:22:23,041 WARN  [Thread-1] root: Twitter warning 
2014-09-15 13:22:23,041 WARN  [Thread-1] root: Twitter warning 
2014-09-15 13:22:23,042 WARN  [Thread-1] root: Twitter exception 
2014-09-15 13:22:23,042 WARN  [Thread-1] root: Twitter exception 
2014-09-15 13:22:23,042 WARN  [Thread-1] root: Twitter exception 
2014-09-15 13:22:23,398 WARN  [Thread-1] root: Twitter warning 
2014-09-15 13:22:23,398 WARN  [Thread-1] root: Twitter warning 
2014-09-15 13:22:23,398 WARN  [Thread-1] root: Twitter warning 
2014-09-15 13:22:23,398 WARN  [Thread-1] root: Twitter exception 
2014-09-15 13:22:23,398 WARN  [Thread-1] root: Twitter exception 
2014-09-15 13:22:23,398 WARN  [Thread-1] root: Twitter exception 
2014-09-15 13:22:23,753 WARN  [Thread-1] root: Twitter warning 
2014-09-15 13:22:23,753 WARN  [Thread-1] root: Twitter warning 
2014-09-15 13:22:23,753 WARN  [Thread-1] root: Twitter warning 
2014-09-15 13:22:23,755 WARN  [Thread-1] root: Twitter exception 
2014-09-15 13:22:23,755 WARN  [Thread-1] root: Twitter exception 
2014-09-15 13:22:23,755 WARN  [Thread-1] root: Twitter exception 
2014-09-15 13:22:24,142 WARN  [Thread-1] root: Twitter warning 
2014-09-15 13:22:24,142 WARN  [Thread-1] root: Twitter warning 
2014-09-15 13:22:24,142 WARN  [Thread-1] root: Twitter warning 
2014-09-15 13:22:24,142 WARN  [Thread-1] root: Twitter exception 
2014-09-15 13:22:24,142 WARN  [Thread-1] root: Twitter exception 
2014-09-15 13:22:24,142 WARN  [Thread-1] root: Twitter exception 
2014-09-15 13:22:24,506 WARN  [Thread-1] root: Twitter warning 
2014-09-15 13:22:24,506 WARN  [Thread-1] root: Twitter warning 
2014-09-15 13:22:24,506 WARN  [Thread-1] root: Twitter warning 
2014-09-15 13:22:24,506 WARN  [Thread-1] root: Twitter exception 
2014-09-15 13:22:24,506 WARN  [Thread-1] root: Twitter exception 
2014-09-15 13:22:24,506 WARN  [Thread-1] root: Twitter exception 
2014-09-15 13:22:24,864 WARN  [Thread-1] root: Twitter warning 
2014-09-15 13:22:24,864 WARN  [Thread-1] root: Twitter warning 
2014-09-15 13:22:24,864 WARN  [Thread-1] root: Twitter warning 
2014-09-15 13:22:24,864 WARN  [Thread-1] root: Twitter exception 
2014-09-15 13:22:24,864 WARN  [Thread-1] root: Twitter exception 
2014-09-15 13:22:24,864 WARN  [Thread-1] root: Twitter exception 
2014-09-15 13:22:25,222 WARN  [Thread-1] root: Twitter warning 
2014-09-15 13:22:25,222 WARN  [Thread-1] root: Twitter warning 
2014-09-15 13:22:25,222 WARN  [Thread-1] root: Twitter warning 
2014-09-15 13:22:25,223 WARN  [Thread-1] root: Twitter exception 
2014-09-15 13:22:25,223 WARN  [Thread-1] root: Twitter exception 
2014-09-15 13:22:25,223 WARN  [Thread-1] root: Twitter exception 
2014-09-15 13:22:25,578 WARN  [Thread-1] root: Twitter warning 
2014-09-15 13:22:25,578 WARN  [Thread-1] root: Twitter warning 
2014-09-15 13:22:25,578 WARN  [Thread-1] root: Twitter warning 
2014-09-15 13:22:25,578 WARN  [Thread-1] root: Twitter exception 
2014-09-15 13:22:25,578 WARN  [Thread-1] root: Twitter exception 
2014-09-15 13:22:25,578 WARN  [Thread-1] root: Twitter exception 
2014-09-15 13:22:25,950 WARN  [Thread-1] root: Twitter warning 
2014-09-15 13:22:25,950 WARN  [Thread-1] root: Twitter warning 
2014-09-15 13:22:25,950 WARN  [Thread-1] root: Twitter warning 
2014-09-15 13:22:25,950 WARN  [Thread-1] root: Twitter exception 
2014-09-15 13:22:25,950 WARN  [Thread-1] root: Twitter exception 
2014-09-15 13:22:25,950 WARN  [Thread-1] root: Twitter exception 
2014-09-15 13:22:26,321 WARN  [Thread-1] root: Twitter warning 
2014-09-15 13:22:26,321 WARN  [Thread-1] root: Twitter warning 
2014-09-15 13:22:26,321 WARN  [Thread-1] root: Twitter warning 
2014-09-15 13:22:26,321 WARN  [Thread-1] root: Twitter exception 
2014-09-15 13:22:26,321 WARN  [Thread-1] root: Twitter exception 
2014-09-15 13:22:26,321 WARN  [Thread-1] root: Twitter exception 
2014-09-15 13:22:26,678 WARN  [Thread-1] root: Twitter warning 
2014-09-15 13:22:26,678 WARN  [Thread-1] root: Twitter warning 
2014-09-15 13:22:26,678 WARN  [Thread-1] root: Twitter warning 
2014-09-15 13:22:26,678 WARN  [Thread-1] root: Twitter exception 
2014-09-15 13:22:26,678 WARN  [Thread-1] root: Twitter exception 
2014-09-15 13:22:26,678 WARN  [Thread-1] root: Twitter exception 
2014-09-15 13:22:27,033 WARN  [Thread-1] root: Twitter warning 
2014-09-15 13:22:27,033 WARN  [Thread-1] root: Twitter warning 
2014-09-15 13:22:27,033 WARN  [Thread-1] root: Twitter warning 
2014-09-15 13:22:27,033 WARN  [Thread-1] root: Twitter exception 
2014-09-15 13:22:27,033 WARN  [Thread-1] root: Twitter exception 
2014-09-15 13:22:27,033 WARN  [Thread-1] root: Twitter exception 
2014-09-15 13:22:27,393 WARN  [Thread-1] root: Twitter warning 
2014-09-15 13:22:27,393 WARN  [Thread-1] root: Twitter warning 
2014-09-15 13:22:27,393 WARN  [Thread-1] root: Twitter warning 
2014-09-15 13:22:27,393 WARN  [Thread-1] root: Twitter exception 
2014-09-15 13:22:27,393 WARN  [Thread-1] root: Twitter exception 
2014-09-15 13:22:27,393 WARN  [Thread-1] root: Twitter exception 
2014-09-15 13:22:27,745 WARN  [Thread-1] root: Twitter warning 
2014-09-15 13:22:27,745 WARN  [Thread-1] root: Twitter warning 
2014-09-15 13:22:27,745 WARN  [Thread-1] root: Twitter warning 
2014-09-15 13:22:27,745 WARN  [Thread-1] root: Twitter exception 
2014-09-15 13:22:27,745 WARN  [Thread-1] root: Twitter exception 
2014-09-15 13:22:27,745 WARN  [Thread-1] root: Twitter exception 
2014-09-15 13:22:28,110 WARN  [Thread-1] root: Twitter warning 
2014-09-15 13:22:28,110 WARN  [Thread-1] root: Twitter warning 
2014-09-15 13:22:28,110 WARN  [Thread-1] root: Twitter warning 
2014-09-15 13:22:28,110 WARN  [Thread-1] root: Twitter exception 
2014-09-15 13:22:28,110 WARN  [Thread-1] root: Twitter exception 
2014-09-15 13:22:28,110 WARN  [Thread-1] root: Twitter exception 
2014-09-15 13:22:28,468 WARN  [Thread-1] root: Twitter warning 
2014-09-15 13:22:28,468 WARN  [Thread-1] root: Twitter warning 
2014-09-15 13:22:28,468 WARN  [Thread-1] root: Twitter warning 
2014-09-15 13:22:28,468 WARN  [Thread-1] root: Twitter exception 
2014-09-15 13:22:28,468 WARN  [Thread-1] root: Twitter exception 
2014-09-15 13:22:28,468 WARN  [Thread-1] root: Twitter exception 
2014-09-15 13:22:28,820 WARN  [Thread-1] root: Twitter warning 
2014-09-15 13:22:28,820 WARN  [Thread-1] root: Twitter warning 
2014-09-15 13:22:28,820 WARN  [Thread-1] root: Twitter warning 
2014-09-15 13:22:28,820 WARN  [Thread-1] root: Twitter exception 
2014-09-15 13:22:28,820 WARN  [Thread-1] root: Twitter exception 
2014-09-15 13:22:28,820 WARN  [Thread-1] root: Twitter exception 
2014-09-15 13:22:29,171 WARN  [Thread-1] root: Twitter warning 
2014-09-15 13:22:29,171 WARN  [Thread-1] root: Twitter warning 
2014-09-15 13:22:29,171 WARN  [Thread-1] root: Twitter warning 
2014-09-15 13:22:29,171 WARN  [Thread-1] root: Twitter exception 
2014-09-15 13:22:29,171 WARN  [Thread-1] root: Twitter exception 
2014-09-15 13:22:29,171 WARN  [Thread-1] root: Twitter exception 
2014-09-15 13:22:29,529 WARN  [Thread-1] root: Twitter warning 
2014-09-15 13:22:29,529 WARN  [Thread-1] root: Twitter warning 
2014-09-15 13:22:29,529 WARN  [Thread-1] root: Twitter warning 
2014-09-15 13:22:29,529 WARN  [Thread-1] root: Twitter exception 
2014-09-15 13:22:29,529 WARN  [Thread-1] root: Twitter exception 
2014-09-15 13:22:29,529 WARN  [Thread-1] root: Twitter exception 
2014-09-15 13:22:29,890 WARN  [Thread-1] root: Twitter warning 
2014-09-15 13:22:29,890 WARN  [Thread-1] root: Twitter warning 
2014-09-15 13:22:29,890 WARN  [Thread-1] root: Twitter warning 
2014-09-15 13:22:29,891 WARN  [Thread-1] root: Twitter exception 
2014-09-15 13:22:29,891 WARN  [Thread-1] root: Twitter exception 
2014-09-15 13:22:29,891 WARN  [Thread-1] root: Twitter exception 
2014-09-15 13:22:29,891 INFO  [Thread-1] root: most influencers end :1410767549891
2014-09-15 13:22:29,891 INFO  [Thread-1] root: most influencers end :1410767549891
2014-09-15 13:22:29,891 INFO  [Thread-1] root: most influencers end :1410767549891
2014-09-15 13:22:29,891 INFO  [Thread-1] root: process completed
2014-09-15 13:22:29,891 INFO  [Thread-1] root: process completed
2014-09-15 13:22:29,891 INFO  [Thread-1] root: process completed
